============================= test session starts =============================
platform win32 -- Python 3.12.10, pytest-9.1.1, pluggy-1.6.0 -- C:\Users\avihu\AppData\Local\Programs\Python\Python312\python.exe
cachedir: .pytest_cache
rootdir: C:\Avihusitton\clinical_ai
plugins: anyio-4.13.0
collecting ... collected 64 items

tests/test_relation_policy.py::test_policy_schema_rejects_unknown_fields PASSED [  1%]
tests/test_relation_policy.py::test_unknown_relations_fail_closed PASSED [  3%]
tests/test_relation_policy.py::test_pending_is_excluded PASSED           [  4%]
tests/test_relation_policy.py::test_rejected_is_blocked PASSED           [  6%]
tests/test_relation_policy.py::test_approved_may_proceed PASSED          [  7%]
tests/test_relation_policy.py::test_navigation_only_relations_do_not_infer PASSED [  9%]
tests/test_relation_policy.py::test_exercise_cannot_bridge PASSED        [ 10%]
tests/test_relation_policy.py::test_exercise_may_be_terminal PASSED      [ 12%]
tests/test_relation_policy.py::test_ordered_composition_is_enforced PASSED [ 14%]
tests/test_relation_policy.py::test_reverse_composition_is_not_assumed PASSED [ 15%]
tests/test_relation_policy.py::test_cycles_are_rejected PASSED           [ 17%]
tests/test_relation_policy.py::test_self_loops_are_rejected PASSED       [ 18%]
tests/test_relation_policy.py::test_missing_provenance_is_blocked PASSED [ 20%]
tests/test_second_order_reasoner.py::test_context_fit_is_deterministic_and_injected PASSED [ 21%]
tests/test_second_order_reasoner.py::test_effective_degree_excludes_non_traversable_edges PASSED [ 23%]
tests/test_second_order_reasoner.py::test_hub_penalty_is_monotonic PASSED [ 25%]
tests/test_second_order_reasoner.py::test_hub_penalty_respects_free_degree PASSED [ 26%]
tests/test_second_order_reasoner.py::test_hub_penalty_respects_minimum_factor PASSED [ 28%]
tests/test_second_order_reasoner.py::test_duplicate_paths_collapse_deterministically PASSED [ 29%]
tests/test_second_order_reasoner.py::test_ties_resolve_deterministically PASSED [ 31%]
tests/test_second_order_reasoner.py::test_explanation_includes_every_score_component PASSED [ 32%]
tests/test_second_order_reasoner.py::test_rejected_explanation_includes_blocking_reasons PASSED [ 34%]
tests/test_gate_b_acceptance.py::test_gate_b_fixture[C:\\Avihusitton\\clinical_ai\\tests\\fixtures\\gate_b\\da_1.json] PASSED [ 35%]
tests/test_gate_b_acceptance.py::test_gate_b_fixture[C:\\Avihusitton\\clinical_ai\\tests\\fixtures\\gate_b\\da_10.json] PASSED [ 37%]
tests/test_gate_b_acceptance.py::test_gate_b_fixture[C:\\Avihusitton\\clinical_ai\\tests\\fixtures\\gate_b\\da_2.json] PASSED [ 39%]
tests/test_gate_b_acceptance.py::test_gate_b_fixture[C:\\Avihusitton\\clinical_ai\\tests\\fixtures\\gate_b\\da_3.json] PASSED [ 40%]
tests/test_gate_b_acceptance.py::test_gate_b_fixture[C:\\Avihusitton\\clinical_ai\\tests\\fixtures\\gate_b\\da_4.json] PASSED [ 42%]
tests/test_gate_b_acceptance.py::test_gate_b_fixture[C:\\Avihusitton\\clinical_ai\\tests\\fixtures\\gate_b\\da_5.json] PASSED [ 43%]
tests/test_gate_b_acceptance.py::test_gate_b_fixture[C:\\Avihusitton\\clinical_ai\\tests\\fixtures\\gate_b\\da_6.json] PASSED [ 45%]
tests/test_gate_b_acceptance.py::test_gate_b_fixture[C:\\Avihusitton\\clinical_ai\\tests\\fixtures\\gate_b\\da_7.json] PASSED [ 46%]
tests/test_gate_b_acceptance.py::test_gate_b_fixture[C:\\Avihusitton\\clinical_ai\\tests\\fixtures\\gate_b\\da_8.json] PASSED [ 48%]
tests/test_gate_b_acceptance.py::test_gate_b_fixture[C:\\Avihusitton\\clinical_ai\\tests\\fixtures\\gate_b\\da_9.json] PASSED [ 50%]
tests/test_gate_b_acceptance.py::test_gate_b_fixture[C:\\Avihusitton\\clinical_ai\\tests\\fixtures\\gate_b\\dr_1.json] PASSED [ 51%]
tests/test_gate_b_acceptance.py::test_gate_b_fixture[C:\\Avihusitton\\clinical_ai\\tests\\fixtures\\gate_b\\dr_10.json] PASSED [ 53%]
tests/test_gate_b_acceptance.py::test_gate_b_fixture[C:\\Avihusitton\\clinical_ai\\tests\\fixtures\\gate_b\\dr_2.json] PASSED [ 54%]
tests/test_gate_b_acceptance.py::test_gate_b_fixture[C:\\Avihusitton\\clinical_ai\\tests\\fixtures\\gate_b\\dr_3.json] PASSED [ 56%]
tests/test_gate_b_acceptance.py::test_gate_b_fixture[C:\\Avihusitton\\clinical_ai\\tests\\fixtures\\gate_b\\dr_4.json] PASSED [ 57%]
tests/test_gate_b_acceptance.py::test_gate_b_fixture[C:\\Avihusitton\\clinical_ai\\tests\\fixtures\\gate_b\\dr_5.json] PASSED [ 59%]
tests/test_gate_b_acceptance.py::test_gate_b_fixture[C:\\Avihusitton\\clinical_ai\\tests\\fixtures\\gate_b\\dr_6.json] PASSED [ 60%]
tests/test_gate_b_acceptance.py::test_gate_b_fixture[C:\\Avihusitton\\clinical_ai\\tests\\fixtures\\gate_b\\dr_7.json] PASSED [ 62%]
tests/test_gate_b_acceptance.py::test_gate_b_fixture[C:\\Avihusitton\\clinical_ai\\tests\\fixtures\\gate_b\\dr_8.json] PASSED [ 64%]
tests/test_gate_b_acceptance.py::test_gate_b_fixture[C:\\Avihusitton\\clinical_ai\\tests\\fixtures\\gate_b\\dr_9.json] PASSED [ 65%]
tests/test_gate_b_acceptance.py::test_gate_b_fixture[C:\\Avihusitton\\clinical_ai\\tests\\fixtures\\gate_b\\tha_1.json] PASSED [ 67%]
tests/test_gate_b_acceptance.py::test_gate_b_fixture[C:\\Avihusitton\\clinical_ai\\tests\\fixtures\\gate_b\\tha_10.json] PASSED [ 68%]
tests/test_gate_b_acceptance.py::test_gate_b_fixture[C:\\Avihusitton\\clinical_ai\\tests\\fixtures\\gate_b\\tha_2.json] PASSED [ 70%]
tests/test_gate_b_acceptance.py::test_gate_b_fixture[C:\\Avihusitton\\clinical_ai\\tests\\fixtures\\gate_b\\tha_3.json] PASSED [ 71%]
tests/test_gate_b_acceptance.py::test_gate_b_fixture[C:\\Avihusitton\\clinical_ai\\tests\\fixtures\\gate_b\\tha_4.json] PASSED [ 73%]
tests/test_gate_b_acceptance.py::test_gate_b_fixture[C:\\Avihusitton\\clinical_ai\\tests\\fixtures\\gate_b\\tha_5.json] PASSED [ 75%]
tests/test_gate_b_acceptance.py::test_gate_b_fixture[C:\\Avihusitton\\clinical_ai\\tests\\fixtures\\gate_b\\tha_6.json] PASSED [ 76%]
tests/test_gate_b_acceptance.py::test_gate_b_fixture[C:\\Avihusitton\\clinical_ai\\tests\\fixtures\\gate_b\\tha_7.json] PASSED [ 78%]
tests/test_gate_b_acceptance.py::test_gate_b_fixture[C:\\Avihusitton\\clinical_ai\\tests\\fixtures\\gate_b\\tha_8.json] PASSED [ 79%]
tests/test_gate_b_acceptance.py::test_gate_b_fixture[C:\\Avihusitton\\clinical_ai\\tests\\fixtures\\gate_b\\tha_9.json] PASSED [ 81%]
tests/test_gate_b_acceptance.py::test_gate_b_fixture[C:\\Avihusitton\\clinical_ai\\tests\\fixtures\\gate_b\\thr_1.json] PASSED [ 82%]
tests/test_gate_b_acceptance.py::test_gate_b_fixture[C:\\Avihusitton\\clinical_ai\\tests\\fixtures\\gate_b\\thr_10.json] PASSED [ 84%]
tests/test_gate_b_acceptance.py::test_gate_b_fixture[C:\\Avihusitton\\clinical_ai\\tests\\fixtures\\gate_b\\thr_2.json] PASSED [ 85%]
tests/test_gate_b_acceptance.py::test_gate_b_fixture[C:\\Avihusitton\\clinical_ai\\tests\\fixtures\\gate_b\\thr_3.json] PASSED [ 87%]
tests/test_gate_b_acceptance.py::test_gate_b_fixture[C:\\Avihusitton\\clinical_ai\\tests\\fixtures\\gate_b\\thr_4.json] PASSED [ 89%]
tests/test_gate_b_acceptance.py::test_gate_b_fixture[C:\\Avihusitton\\clinical_ai\\tests\\fixtures\\gate_b\\thr_5.json] PASSED [ 90%]
tests/test_gate_b_acceptance.py::test_gate_b_fixture[C:\\Avihusitton\\clinical_ai\\tests\\fixtures\\gate_b\\thr_6.json] PASSED [ 92%]
tests/test_gate_b_acceptance.py::test_gate_b_fixture[C:\\Avihusitton\\clinical_ai\\tests\\fixtures\\gate_b\\thr_7.json] PASSED [ 93%]
tests/test_gate_b_acceptance.py::test_gate_b_fixture[C:\\Avihusitton\\clinical_ai\\tests\\fixtures\\gate_b\\thr_8.json] PASSED [ 95%]
tests/test_gate_b_acceptance.py::test_gate_b_fixture[C:\\Avihusitton\\clinical_ai\\tests\\fixtures\\gate_b\\thr_9.json] PASSED [ 96%]
tests/test_gate_b_no_write.py::test_no_graph_write_methods PASSED        [ 98%]
tests/test_gate_b_no_write.py::test_no_neo4j_driver_required PASSED      [100%]

============================= 64 passed in 0.12s ==============================
