============================= test session starts =============================
platform win32 -- Python 3.12.10, pytest-9.1.1, pluggy-1.6.0 -- C:\Users\avihu\AppData\Local\Programs\Python\Python312\python.exe
cachedir: .pytest_cache
rootdir: C:\Avihusitton\clinical_ai
plugins: anyio-4.13.0
collecting ... collected 155 items

tests/test_shadow_wiring_retrieval_hook.py::test_retriever_legacy_flow_unaffected PASSED [  0%]
tests/test_shadow_wiring_retrieval_hook.py::test_retriever_shadow_submission_non_blocking_event_sync PASSED [  1%]
tests/test_shadow_wiring_retrieval_hook.py::test_retriever_shadow_submission_non_blocking PASSED [  1%]
tests/test_shadow_wiring_retrieval_hook.py::test_retriever_shadow_exception_suppressed PASSED [  2%]
tests/test_shadow_wiring_retrieval_hook.py::test_retriever_shadow_sentinel_not_exposed PASSED [  3%]
tests/test_shadow_wiring_dispatcher.py::test_dispatcher_legacy_only_does_not_queue PASSED [  3%]
tests/test_shadow_wiring_dispatcher.py::test_dispatcher_shadow_compare_queues_and_runs PASSED [  4%]
tests/test_shadow_wiring_dispatcher.py::test_dispatcher_queue_saturation_drops_and_audits PASSED [  5%]
tests/test_shadow_wiring_redaction.py::test_israeli_pii_detection PASSED [  5%]
tests/test_shadow_wiring_redaction.py::test_clean_text_no_pii PASSED     [  6%]
tests/test_shadow_wiring_redaction.py::test_user_id_hashing PASSED       [  7%]
tests/test_shadow_wiring_redaction.py::test_redaction_negative_clean_cases PASSED [  7%]
tests/test_shadow_wiring_acceptance.py::test_shadow_fixture_count PASSED [  8%]
tests/test_shadow_wiring_acceptance.py::test_shadow_acceptance_case[SHD-DIS-001] PASSED [  9%]
tests/test_shadow_wiring_acceptance.py::test_shadow_acceptance_case[SHD-DIS-002] PASSED [  9%]
tests/test_shadow_wiring_acceptance.py::test_shadow_acceptance_case[SHD-DIS-003] PASSED [ 10%]
tests/test_shadow_wiring_acceptance.py::test_shadow_acceptance_case[SHD-DIS-004] PASSED [ 10%]
tests/test_shadow_wiring_acceptance.py::test_shadow_acceptance_case[SHD-DIS-005] PASSED [ 11%]
tests/test_shadow_wiring_acceptance.py::test_shadow_acceptance_case[SHD-DIS-006] PASSED [ 12%]
tests/test_shadow_wiring_acceptance.py::test_shadow_acceptance_case[SHD-DIS-007] PASSED [ 12%]
tests/test_shadow_wiring_acceptance.py::test_shadow_acceptance_case[SHD-DIS-008] PASSED [ 13%]
tests/test_shadow_wiring_acceptance.py::test_shadow_acceptance_case[SHD-DIS-009] PASSED [ 14%]
tests/test_shadow_wiring_acceptance.py::test_shadow_acceptance_case[SHD-DIS-010] PASSED [ 14%]
tests/test_shadow_wiring_acceptance.py::test_shadow_acceptance_case[SHD-DIS-011] PASSED [ 15%]
tests/test_shadow_wiring_acceptance.py::test_shadow_acceptance_case[SHD-DIS-012] PASSED [ 16%]
tests/test_shadow_wiring_acceptance.py::test_shadow_acceptance_case[SHD-DIS-013] PASSED [ 16%]
tests/test_shadow_wiring_acceptance.py::test_shadow_acceptance_case[SHD-DIS-014] PASSED [ 17%]
tests/test_shadow_wiring_acceptance.py::test_shadow_acceptance_case[SHD-DIS-015] PASSED [ 18%]
tests/test_shadow_wiring_acceptance.py::test_shadow_acceptance_case[SHD-DIS-016] PASSED [ 18%]
tests/test_shadow_wiring_acceptance.py::test_shadow_acceptance_case[SHD-DIS-017] PASSED [ 19%]
tests/test_shadow_wiring_acceptance.py::test_shadow_acceptance_case[SHD-DIS-018] PASSED [ 20%]
tests/test_shadow_wiring_acceptance.py::test_shadow_acceptance_case[SHD-DIS-019] PASSED [ 20%]
tests/test_shadow_wiring_acceptance.py::test_shadow_acceptance_case[SHD-DIS-020] PASSED [ 21%]
tests/test_shadow_wiring_acceptance.py::test_shadow_acceptance_case[SHD-AGR-001] PASSED [ 21%]
tests/test_shadow_wiring_acceptance.py::test_shadow_acceptance_case[SHD-AGR-002] PASSED [ 22%]
tests/test_shadow_wiring_acceptance.py::test_shadow_acceptance_case[SHD-AGR-003] PASSED [ 23%]
tests/test_shadow_wiring_acceptance.py::test_shadow_acceptance_case[SHD-AGR-004] PASSED [ 23%]
tests/test_shadow_wiring_acceptance.py::test_shadow_acceptance_case[SHD-AGR-005] PASSED [ 24%]
tests/test_shadow_wiring_acceptance.py::test_shadow_acceptance_case[SHD-AGR-006] PASSED [ 25%]
tests/test_shadow_wiring_acceptance.py::test_shadow_acceptance_case[SHD-AGR-007] PASSED [ 25%]
tests/test_shadow_wiring_acceptance.py::test_shadow_acceptance_case[SHD-AGR-008] PASSED [ 26%]
tests/test_shadow_wiring_acceptance.py::test_shadow_acceptance_case[SHD-AGR-009] PASSED [ 27%]
tests/test_shadow_wiring_acceptance.py::test_shadow_acceptance_case[SHD-AGR-010] PASSED [ 27%]
tests/test_shadow_wiring_acceptance.py::test_shadow_acceptance_case[SHD-AGR-011] PASSED [ 28%]
tests/test_shadow_wiring_acceptance.py::test_shadow_acceptance_case[SHD-AGR-012] PASSED [ 29%]
tests/test_shadow_wiring_acceptance.py::test_shadow_acceptance_case[SHD-AGR-013] PASSED [ 29%]
tests/test_shadow_wiring_acceptance.py::test_shadow_acceptance_case[SHD-AGR-014] PASSED [ 30%]
tests/test_shadow_wiring_acceptance.py::test_shadow_acceptance_case[SHD-AGR-015] PASSED [ 30%]
tests/test_shadow_wiring_acceptance.py::test_shadow_acceptance_case[SHD-AGR-016] PASSED [ 31%]
tests/test_shadow_wiring_acceptance.py::test_shadow_acceptance_case[SHD-AGR-017] PASSED [ 32%]
tests/test_shadow_wiring_acceptance.py::test_shadow_acceptance_case[SHD-AGR-018] PASSED [ 32%]
tests/test_shadow_wiring_acceptance.py::test_shadow_acceptance_case[SHD-AGR-019] PASSED [ 33%]
tests/test_shadow_wiring_acceptance.py::test_shadow_acceptance_case[SHD-AGR-020] PASSED [ 34%]
tests/test_shadow_wiring_acceptance.py::test_shadow_acceptance_case[SHD-DIF-001] PASSED [ 34%]
tests/test_shadow_wiring_acceptance.py::test_shadow_acceptance_case[SHD-DIF-002] PASSED [ 35%]
tests/test_shadow_wiring_acceptance.py::test_shadow_acceptance_case[SHD-DIF-003] PASSED [ 36%]
tests/test_shadow_wiring_acceptance.py::test_shadow_acceptance_case[SHD-DIF-004] PASSED [ 36%]
tests/test_shadow_wiring_acceptance.py::test_shadow_acceptance_case[SHD-DIF-005] PASSED [ 37%]
tests/test_shadow_wiring_acceptance.py::test_shadow_acceptance_case[SHD-DIF-006] PASSED [ 38%]
tests/test_shadow_wiring_acceptance.py::test_shadow_acceptance_case[SHD-DIF-007] PASSED [ 38%]
tests/test_shadow_wiring_acceptance.py::test_shadow_acceptance_case[SHD-DIF-008] PASSED [ 39%]
tests/test_shadow_wiring_acceptance.py::test_shadow_acceptance_case[SHD-DIF-009] PASSED [ 40%]
tests/test_shadow_wiring_acceptance.py::test_shadow_acceptance_case[SHD-DIF-010] PASSED [ 40%]
tests/test_shadow_wiring_acceptance.py::test_shadow_acceptance_case[SHD-DIF-011] PASSED [ 41%]
tests/test_shadow_wiring_acceptance.py::test_shadow_acceptance_case[SHD-DIF-012] PASSED [ 41%]
tests/test_shadow_wiring_acceptance.py::test_shadow_acceptance_case[SHD-DIF-013] PASSED [ 42%]
tests/test_shadow_wiring_acceptance.py::test_shadow_acceptance_case[SHD-DIF-014] PASSED [ 43%]
tests/test_shadow_wiring_acceptance.py::test_shadow_acceptance_case[SHD-DIF-015] PASSED [ 43%]
tests/test_shadow_wiring_acceptance.py::test_shadow_acceptance_case[SHD-DIF-016] PASSED [ 44%]
tests/test_shadow_wiring_acceptance.py::test_shadow_acceptance_case[SHD-DIF-017] PASSED [ 45%]
tests/test_shadow_wiring_acceptance.py::test_shadow_acceptance_case[SHD-DIF-018] PASSED [ 45%]
tests/test_shadow_wiring_acceptance.py::test_shadow_acceptance_case[SHD-DIF-019] PASSED [ 46%]
tests/test_shadow_wiring_acceptance.py::test_shadow_acceptance_case[SHD-DIF-020] PASSED [ 47%]
tests/test_shadow_wiring_acceptance.py::test_shadow_acceptance_case[SHD-ERR-001] PASSED [ 47%]
tests/test_shadow_wiring_acceptance.py::test_shadow_acceptance_case[SHD-ERR-002] PASSED [ 48%]
tests/test_shadow_wiring_acceptance.py::test_shadow_acceptance_case[SHD-ERR-003] PASSED [ 49%]
tests/test_shadow_wiring_acceptance.py::test_shadow_acceptance_case[SHD-ERR-004] PASSED [ 49%]
tests/test_shadow_wiring_acceptance.py::test_shadow_acceptance_case[SHD-ERR-005] PASSED [ 50%]
tests/test_shadow_wiring_acceptance.py::test_shadow_acceptance_case[SHD-ERR-006] PASSED [ 50%]
tests/test_shadow_wiring_acceptance.py::test_shadow_acceptance_case[SHD-ERR-007] PASSED [ 51%]
tests/test_shadow_wiring_acceptance.py::test_shadow_acceptance_case[SHD-ERR-008] PASSED [ 52%]
tests/test_shadow_wiring_acceptance.py::test_shadow_acceptance_case[SHD-ERR-009] PASSED [ 52%]
tests/test_shadow_wiring_acceptance.py::test_shadow_acceptance_case[SHD-ERR-010] PASSED [ 53%]
tests/test_shadow_wiring_acceptance.py::test_shadow_acceptance_case[SHD-ERR-011] PASSED [ 54%]
tests/test_shadow_wiring_acceptance.py::test_shadow_acceptance_case[SHD-ERR-012] PASSED [ 54%]
tests/test_shadow_wiring_acceptance.py::test_shadow_acceptance_case[SHD-ERR-013] PASSED [ 55%]
tests/test_shadow_wiring_acceptance.py::test_shadow_acceptance_case[SHD-ERR-014] PASSED [ 56%]
tests/test_shadow_wiring_acceptance.py::test_shadow_acceptance_case[SHD-ERR-015] PASSED [ 56%]
tests/test_shadow_wiring_acceptance.py::test_shadow_acceptance_case[SHD-ERR-016] PASSED [ 57%]
tests/test_shadow_wiring_acceptance.py::test_shadow_acceptance_case[SHD-ERR-017] PASSED [ 58%]
tests/test_shadow_wiring_acceptance.py::test_shadow_acceptance_case[SHD-ERR-018] PASSED [ 58%]
tests/test_shadow_wiring_acceptance.py::test_shadow_acceptance_case[SHD-ERR-019] PASSED [ 59%]
tests/test_shadow_wiring_acceptance.py::test_shadow_acceptance_case[SHD-ERR-020] PASSED [ 60%]
tests/test_shadow_wiring_acceptance.py::test_shadow_acceptance_case[SHD-SEC-001] PASSED [ 60%]
tests/test_shadow_wiring_acceptance.py::test_shadow_acceptance_case[SHD-SEC-002] PASSED [ 61%]
tests/test_shadow_wiring_acceptance.py::test_shadow_acceptance_case[SHD-SEC-003] PASSED [ 61%]
tests/test_shadow_wiring_acceptance.py::test_shadow_acceptance_case[SHD-SEC-004] PASSED [ 62%]
tests/test_shadow_wiring_acceptance.py::test_shadow_acceptance_case[SHD-SEC-005] PASSED [ 63%]
tests/test_shadow_wiring_acceptance.py::test_shadow_acceptance_case[SHD-SEC-006] PASSED [ 63%]
tests/test_shadow_wiring_acceptance.py::test_shadow_acceptance_case[SHD-SEC-007] PASSED [ 64%]
tests/test_shadow_wiring_acceptance.py::test_shadow_acceptance_case[SHD-SEC-008] PASSED [ 65%]
tests/test_shadow_wiring_acceptance.py::test_shadow_acceptance_case[SHD-SEC-009] PASSED [ 65%]
tests/test_shadow_wiring_acceptance.py::test_shadow_acceptance_case[SHD-SEC-010] PASSED [ 66%]
tests/test_shadow_wiring_acceptance.py::test_shadow_acceptance_case[SHD-SEC-011] PASSED [ 67%]
tests/test_shadow_wiring_acceptance.py::test_shadow_acceptance_case[SHD-SEC-012] PASSED [ 67%]
tests/test_shadow_wiring_acceptance.py::test_shadow_acceptance_case[SHD-SEC-013] PASSED [ 68%]
tests/test_shadow_wiring_acceptance.py::test_shadow_acceptance_case[SHD-SEC-014] PASSED [ 69%]
tests/test_shadow_wiring_acceptance.py::test_shadow_acceptance_case[SHD-SEC-015] PASSED [ 69%]
tests/test_shadow_wiring_acceptance.py::test_shadow_acceptance_case[SHD-SEC-016] PASSED [ 70%]
tests/test_shadow_wiring_acceptance.py::test_shadow_acceptance_case[SHD-SEC-017] PASSED [ 70%]
tests/test_shadow_wiring_acceptance.py::test_shadow_acceptance_case[SHD-SEC-018] PASSED [ 71%]
tests/test_shadow_wiring_acceptance.py::test_shadow_acceptance_case[SHD-SEC-019] PASSED [ 72%]
tests/test_shadow_wiring_acceptance.py::test_shadow_acceptance_case[SHD-SEC-020] PASSED [ 72%]
tests/test_shadow_wiring_acceptance.py::test_shadow_acceptance_case[SHD-EMG-001] PASSED [ 73%]
tests/test_shadow_wiring_acceptance.py::test_shadow_acceptance_case[SHD-EMG-002] PASSED [ 74%]
tests/test_shadow_wiring_acceptance.py::test_shadow_acceptance_case[SHD-EMG-003] PASSED [ 74%]
tests/test_shadow_wiring_acceptance.py::test_shadow_acceptance_case[SHD-EMG-004] PASSED [ 75%]
tests/test_shadow_wiring_acceptance.py::test_shadow_acceptance_case[SHD-EMG-005] PASSED [ 76%]
tests/test_shadow_wiring_acceptance.py::test_shadow_acceptance_case[SHD-EMG-006] PASSED [ 76%]
tests/test_shadow_wiring_acceptance.py::test_shadow_acceptance_case[SHD-EMG-007] PASSED [ 77%]
tests/test_shadow_wiring_acceptance.py::test_shadow_acceptance_case[SHD-EMG-008] PASSED [ 78%]
tests/test_shadow_wiring_acceptance.py::test_shadow_acceptance_case[SHD-EMG-009] PASSED [ 78%]
tests/test_shadow_wiring_acceptance.py::test_shadow_acceptance_case[SHD-EMG-010] PASSED [ 79%]
tests/test_shadow_wiring_acceptance.py::test_shadow_acceptance_case[SHD-EMG-011] PASSED [ 80%]
tests/test_shadow_wiring_acceptance.py::test_shadow_acceptance_case[SHD-EMG-012] PASSED [ 80%]
tests/test_shadow_wiring_acceptance.py::test_shadow_acceptance_case[SHD-EMG-013] PASSED [ 81%]
tests/test_shadow_wiring_acceptance.py::test_shadow_acceptance_case[SHD-EMG-014] PASSED [ 81%]
tests/test_shadow_wiring_acceptance.py::test_shadow_acceptance_case[SHD-EMG-015] PASSED [ 82%]
tests/test_shadow_wiring_acceptance.py::test_shadow_acceptance_case[SHD-EMG-016] PASSED [ 83%]
tests/test_shadow_wiring_acceptance.py::test_shadow_acceptance_case[SHD-EMG-017] PASSED [ 83%]
tests/test_shadow_wiring_acceptance.py::test_shadow_acceptance_case[SHD-EMG-018] PASSED [ 84%]
tests/test_shadow_wiring_acceptance.py::test_shadow_acceptance_case[SHD-EMG-019] PASSED [ 85%]
tests/test_shadow_wiring_acceptance.py::test_shadow_acceptance_case[SHD-EMG-020] PASSED [ 85%]
tests/test_shadow_wiring_acceptance.py::test_shadow_acceptance_case[SHD-ISR-001] PASSED [ 86%]
tests/test_shadow_wiring_acceptance.py::test_shadow_acceptance_case[SHD-ISR-002] PASSED [ 87%]
tests/test_shadow_wiring_acceptance.py::test_shadow_acceptance_case[SHD-ISR-003] PASSED [ 87%]
tests/test_shadow_wiring_acceptance.py::test_shadow_acceptance_case[SHD-ISR-004] PASSED [ 88%]
tests/test_shadow_wiring_acceptance.py::test_shadow_acceptance_case[SHD-ISR-005] PASSED [ 89%]
tests/test_shadow_wiring_acceptance.py::test_shadow_acceptance_case[SHD-ISR-006] PASSED [ 89%]
tests/test_shadow_wiring_acceptance.py::test_shadow_acceptance_case[SHD-ISR-007] PASSED [ 90%]
tests/test_shadow_wiring_acceptance.py::test_shadow_acceptance_case[SHD-ISR-008] PASSED [ 90%]
tests/test_shadow_wiring_acceptance.py::test_shadow_acceptance_case[SHD-ISR-009] PASSED [ 91%]
tests/test_shadow_wiring_acceptance.py::test_shadow_acceptance_case[SHD-ISR-010] PASSED [ 92%]
tests/test_shadow_wiring_acceptance.py::test_shadow_acceptance_case[SHD-ISR-011] PASSED [ 92%]
tests/test_shadow_wiring_acceptance.py::test_shadow_acceptance_case[SHD-ISR-012] PASSED [ 93%]
tests/test_shadow_wiring_acceptance.py::test_shadow_acceptance_case[SHD-ISR-013] PASSED [ 94%]
tests/test_shadow_wiring_acceptance.py::test_shadow_acceptance_case[SHD-ISR-014] PASSED [ 94%]
tests/test_shadow_wiring_acceptance.py::test_shadow_acceptance_case[SHD-ISR-015] PASSED [ 95%]
tests/test_shadow_wiring_acceptance.py::test_shadow_acceptance_case[SHD-ISR-016] PASSED [ 96%]
tests/test_shadow_wiring_acceptance.py::test_shadow_acceptance_case[SHD-ISR-017] PASSED [ 96%]
tests/test_shadow_wiring_acceptance.py::test_shadow_acceptance_case[SHD-ISR-018] PASSED [ 97%]
tests/test_shadow_wiring_acceptance.py::test_shadow_acceptance_case[SHD-ISR-019] PASSED [ 98%]
tests/test_shadow_wiring_acceptance.py::test_shadow_acceptance_case[SHD-ISR-020] PASSED [ 98%]
tests/test_shadow_wiring_isolation.py::test_shadow_wiring_package_imports_isolation PASSED [ 99%]
tests/test_shadow_wiring_isolation.py::test_unmodified_protected_system_components PASSED [100%]

============================= 155 passed in 0.83s =============================
