============================= test session starts =============================
platform win32 -- Python 3.12.10, pytest-9.1.1, pluggy-1.6.0 -- C:\Users\avihu\AppData\Local\Programs\Python\Python312\python.exe
cachedir: .pytest_cache
rootdir: C:\Avihusitton\clinical_ai
plugins: anyio-4.13.0
collecting ... collected 14 items

tests/test_wave_8_4_report_validator.py::test_validator_passes_on_unmodified_evidence PASSED [  7%]
tests/test_wave_8_4_report_validator.py::test_validator_fails_when_f2_runner_entered_later_than_answer_started PASSED [ 14%]
tests/test_wave_8_4_report_validator.py::test_validator_fails_when_f2_runner_entered_later_than_answer_returned PASSED [ 21%]
tests/test_wave_8_4_report_validator.py::test_validator_fails_when_f2_answer_returned_later_than_release PASSED [ 28%]
tests/test_wave_8_4_report_validator.py::test_validator_fails_when_f2_runner_exited_before_release PASSED [ 35%]
tests/test_wave_8_4_report_validator.py::test_validator_fails_when_f2_runner_exited_earlier_than_release PASSED [ 42%]
tests/test_wave_8_4_report_validator.py::test_validator_fails_when_f1_classification_mismatched PASSED [ 50%]
tests/test_wave_8_4_report_validator.py::test_validator_fails_when_exception_record_removed PASSED [ 57%]
tests/test_wave_8_4_report_validator.py::test_validator_fails_when_duplicate_exception_scenario_id PASSED [ 64%]
tests/test_wave_8_4_report_validator.py::test_validator_fails_when_queue_submit_3_moved_after_worker_release PASSED [ 71%]
tests/test_wave_8_4_report_validator.py::test_validator_fails_when_pii_record_removed PASSED [ 78%]
tests/test_wave_8_4_report_validator.py::test_validator_fails_when_pii_detected_false PASSED [ 85%]
tests/test_wave_8_4_report_validator.py::test_validator_fails_when_synthetic_query_subscript_count_non_zero PASSED [ 92%]
tests/test_wave_8_4_report_validator.py::test_validator_fails_when_redaction_wording_overclaims PASSED [100%]

============================= 14 passed in 0.19s ==============================
