<?xml version="1.0" encoding="utf-8"?><testsuites name="pytest tests"><testsuite name="pytest" errors="0" failures="1" skipped="0" tests="1893" time="7.951" timestamp="2026-07-24T12:34:23.701755+03:00" hostname="LAPTOP-QBJDQOFR"><testcase classname="tests.test_ast_audit" name="test_ast_audit" time="0.520" /><testcase classname="tests.test_controlled_integration" name="test_entities_instantiation" time="0.000" /><testcase classname="tests.test_controlled_integration" name="test_boundary_screening_blocks_unreviewed_novelty" time="0.000" /><testcase classname="tests.test_controlled_integration" name="test_boundary_raises_exception_on_unreviewed_leak" time="0.000" /><testcase classname="tests.test_controlled_integration" name="test_orchestrator_legacy_mode" time="0.001" /><testcase classname="tests.test_controlled_integration" name="test_orchestrator_therapist_pilot_mode" time="0.001" /><testcase classname="tests.test_controlled_integration" name="test_orchestrator_shadow_compare_mode" time="0.001" /><testcase classname="tests.test_controlled_integration" name="test_orchestrator_official_retrieval_only_mode" time="0.000" /><testcase classname="tests.test_controlled_integration" name="test_feature_flag_unknown_key_err07" time="0.000" /><testcase classname="tests.test_controlled_integration" name="test_orchestrator_fail_closed_on_unreviewed_leak" time="0.000" /><testcase classname="tests.test_controlled_integration_acceptance" name="test_fixture_count_is_120" time="0.000" /><testcase classname="tests.test_controlled_integration_acceptance" name="test_acceptance_fixture_case[SYN-LEG-001]" time="0.001" /><testcase classname="tests.test_controlled_integration_acceptance" name="test_acceptance_fixture_case[SYN-LEG-002]" time="0.000" /><testcase classname="tests.test_controlled_integration_acceptance" name="test_acceptance_fixture_case[SYN-LEG-003]" time="0.000" /><testcase classname="tests.test_controlled_integration_acceptance" name="test_acceptance_fixture_case[SYN-LEG-004]" time="0.000" /><testcase classname="tests.test_controlled_integration_acceptance" name="test_acceptance_fixture_case[SYN-LEG-005]" time="0.000" /><testcase classname="tests.test_controlled_integration_acceptance" name="test_acceptance_fixture_case[SYN-LEG-006]" time="0.000" /><testcase classname="tests.test_controlled_integration_acceptance" name="test_acceptance_fixture_case[SYN-LEG-007]" time="0.001" /><testcase classname="tests.test_controlled_integration_acceptance" name="test_acceptance_fixture_case[SYN-LEG-008]" time="0.000" /><testcase classname="tests.test_controlled_integration_acceptance" name="test_acceptance_fixture_case[SYN-LEG-009]" time="0.000" /><testcase classname="tests.test_controlled_integration_acceptance" name="test_acceptance_fixture_case[SYN-LEG-010]" time="0.000" /><testcase classname="tests.test_controlled_integration_acceptance" name="test_acceptance_fixture_case[SYN-LEG-011]" time="0.001" /><testcase classname="tests.test_controlled_integration_acceptance" name="test_acceptance_fixture_case[SYN-LEG-012]" time="0.000" /><testcase classname="tests.test_controlled_integration_acceptance" name="test_acceptance_fixture_case[SYN-LEG-013]" time="0.000" /><testcase classname="tests.test_controlled_integration_acceptance" name="test_acceptance_fixture_case[SYN-LEG-014]" time="0.000" /><testcase classname="tests.test_controlled_integration_acceptance" name="test_acceptance_fixture_case[SYN-LEG-015]" time="0.000" /><testcase classname="tests.test_controlled_integration_acceptance" name="test_acceptance_fixture_case[SYN-LEG-016]" time="0.000" /><testcase classname="tests.test_controlled_integration_acceptance" name="test_acceptance_fixture_case[SYN-LEG-017]" time="0.000" /><testcase classname="tests.test_controlled_integration_acceptance" name="test_acceptance_fixture_case[SYN-LEG-018]" time="0.000" /><testcase classname="tests.test_controlled_integration_acceptance" name="test_acceptance_fixture_case[SYN-LEG-019]" time="0.000" /><testcase classname="tests.test_controlled_integration_acceptance" name="test_acceptance_fixture_case[SYN-LEG-020]" time="0.000" /><testcase classname="tests.test_controlled_integration_acceptance" name="test_acceptance_fixture_case[SYN-SHD-001]" time="0.000" /><testcase classname="tests.test_controlled_integration_acceptance" name="test_acceptance_fixture_case[SYN-SHD-002]" time="0.000" /><testcase classname="tests.test_controlled_integration_acceptance" name="test_acceptance_fixture_case[SYN-SHD-003]" time="0.000" /><testcase classname="tests.test_controlled_integration_acceptance" name="test_acceptance_fixture_case[SYN-SHD-004]" time="0.000" /><testcase classname="tests.test_controlled_integration_acceptance" name="test_acceptance_fixture_case[SYN-SHD-005]" time="0.000" /><testcase classname="tests.test_controlled_integration_acceptance" name="test_acceptance_fixture_case[SYN-SHD-006]" time="0.000" /><testcase classname="tests.test_controlled_integration_acceptance" name="test_acceptance_fixture_case[SYN-SHD-007]" time="0.000" /><testcase classname="tests.test_controlled_integration_acceptance" name="test_acceptance_fixture_case[SYN-SHD-008]" time="0.000" /><testcase classname="tests.test_controlled_integration_acceptance" name="test_acceptance_fixture_case[SYN-SHD-009]" time="0.013" /><testcase classname="tests.test_controlled_integration_acceptance" name="test_acceptance_fixture_case[SYN-SHD-010]" time="0.000" /><testcase classname="tests.test_controlled_integration_acceptance" name="test_acceptance_fixture_case[SYN-SHD-011]" time="0.000" /><testcase classname="tests.test_controlled_integration_acceptance" name="test_acceptance_fixture_case[SYN-SHD-012]" time="0.000" /><testcase classname="tests.test_controlled_integration_acceptance" name="test_acceptance_fixture_case[SYN-SHD-013]" time="0.000" /><testcase classname="tests.test_controlled_integration_acceptance" name="test_acceptance_fixture_case[SYN-SHD-014]" time="0.000" /><testcase classname="tests.test_controlled_integration_acceptance" name="test_acceptance_fixture_case[SYN-SHD-015]" time="0.000" /><testcase classname="tests.test_controlled_integration_acceptance" name="test_acceptance_fixture_case[SYN-SHD-016]" time="0.000" /><testcase classname="tests.test_controlled_integration_acceptance" name="test_acceptance_fixture_case[SYN-SHD-017]" time="0.000" /><testcase classname="tests.test_controlled_integration_acceptance" name="test_acceptance_fixture_case[SYN-SHD-018]" time="0.000" /><testcase classname="tests.test_controlled_integration_acceptance" name="test_acceptance_fixture_case[SYN-SHD-019]" time="0.000" /><testcase classname="tests.test_controlled_integration_acceptance" name="test_acceptance_fixture_case[SYN-SHD-020]" time="0.000" /><testcase classname="tests.test_controlled_integration_acceptance" name="test_acceptance_fixture_case[SYN-REV-001]" time="0.001" /><testcase classname="tests.test_controlled_integration_acceptance" name="test_acceptance_fixture_case[SYN-REV-002]" time="0.001" /><testcase classname="tests.test_controlled_integration_acceptance" name="test_acceptance_fixture_case[SYN-REV-003]" time="0.001" /><testcase classname="tests.test_controlled_integration_acceptance" name="test_acceptance_fixture_case[SYN-REV-004]" time="0.001" /><testcase classname="tests.test_controlled_integration_acceptance" name="test_acceptance_fixture_case[SYN-REV-005]" time="0.001" /><testcase classname="tests.test_controlled_integration_acceptance" name="test_acceptance_fixture_case[SYN-REV-006]" time="0.001" /><testcase classname="tests.test_controlled_integration_acceptance" name="test_acceptance_fixture_case[SYN-REV-007]" time="0.001" /><testcase classname="tests.test_controlled_integration_acceptance" name="test_acceptance_fixture_case[SYN-REV-008]" time="0.001" /><testcase classname="tests.test_controlled_integration_acceptance" name="test_acceptance_fixture_case[SYN-REV-009]" time="0.001" /><testcase classname="tests.test_controlled_integration_acceptance" name="test_acceptance_fixture_case[SYN-REV-010]" time="0.001" /><testcase classname="tests.test_controlled_integration_acceptance" name="test_acceptance_fixture_case[SYN-REV-011]" time="0.001" /><testcase classname="tests.test_controlled_integration_acceptance" name="test_acceptance_fixture_case[SYN-REV-012]" time="0.001" /><testcase classname="tests.test_controlled_integration_acceptance" name="test_acceptance_fixture_case[SYN-REV-013]" time="0.001" /><testcase classname="tests.test_controlled_integration_acceptance" name="test_acceptance_fixture_case[SYN-REV-014]" time="0.001" /><testcase classname="tests.test_controlled_integration_acceptance" name="test_acceptance_fixture_case[SYN-REV-015]" time="0.001" /><testcase classname="tests.test_controlled_integration_acceptance" name="test_acceptance_fixture_case[SYN-REV-016]" time="0.001" /><testcase classname="tests.test_controlled_integration_acceptance" name="test_acceptance_fixture_case[SYN-REV-017]" time="0.001" /><testcase classname="tests.test_controlled_integration_acceptance" name="test_acceptance_fixture_case[SYN-REV-018]" time="0.001" /><testcase classname="tests.test_controlled_integration_acceptance" name="test_acceptance_fixture_case[SYN-REV-019]" time="0.001" /><testcase classname="tests.test_controlled_integration_acceptance" name="test_acceptance_fixture_case[SYN-REV-020]" time="0.001" /><testcase classname="tests.test_controlled_integration_acceptance" name="test_acceptance_fixture_case[SYN-NOV-001]" time="0.000" /><testcase classname="tests.test_controlled_integration_acceptance" name="test_acceptance_fixture_case[SYN-NOV-002]" time="0.000" /><testcase classname="tests.test_controlled_integration_acceptance" name="test_acceptance_fixture_case[SYN-NOV-003]" time="0.000" /><testcase classname="tests.test_controlled_integration_acceptance" name="test_acceptance_fixture_case[SYN-NOV-004]" time="0.000" /><testcase classname="tests.test_controlled_integration_acceptance" name="test_acceptance_fixture_case[SYN-NOV-005]" time="0.000" /><testcase classname="tests.test_controlled_integration_acceptance" name="test_acceptance_fixture_case[SYN-NOV-006]" time="0.000" /><testcase classname="tests.test_controlled_integration_acceptance" name="test_acceptance_fixture_case[SYN-NOV-007]" time="0.000" /><testcase classname="tests.test_controlled_integration_acceptance" name="test_acceptance_fixture_case[SYN-NOV-008]" time="0.000" /><testcase classname="tests.test_controlled_integration_acceptance" name="test_acceptance_fixture_case[SYN-NOV-009]" time="0.000" /><testcase classname="tests.test_controlled_integration_acceptance" name="test_acceptance_fixture_case[SYN-NOV-010]" time="0.000" /><testcase classname="tests.test_controlled_integration_acceptance" name="test_acceptance_fixture_case[SYN-NOV-011]" time="0.000" /><testcase classname="tests.test_controlled_integration_acceptance" name="test_acceptance_fixture_case[SYN-NOV-012]" time="0.000" /><testcase classname="tests.test_controlled_integration_acceptance" name="test_acceptance_fixture_case[SYN-NOV-013]" time="0.000" /><testcase classname="tests.test_controlled_integration_acceptance" name="test_acceptance_fixture_case[SYN-NOV-014]" time="0.000" /><testcase classname="tests.test_controlled_integration_acceptance" name="test_acceptance_fixture_case[SYN-NOV-015]" time="0.000" /><testcase classname="tests.test_controlled_integration_acceptance" name="test_acceptance_fixture_case[SYN-NOV-016]" time="0.000" /><testcase classname="tests.test_controlled_integration_acceptance" name="test_acceptance_fixture_case[SYN-NOV-017]" time="0.000" /><testcase classname="tests.test_controlled_integration_acceptance" name="test_acceptance_fixture_case[SYN-NOV-018]" time="0.000" /><testcase classname="tests.test_controlled_integration_acceptance" name="test_acceptance_fixture_case[SYN-NOV-019]" time="0.000" /><testcase classname="tests.test_controlled_integration_acceptance" name="test_acceptance_fixture_case[SYN-NOV-020]" time="0.000" /><testcase classname="tests.test_controlled_integration_acceptance" name="test_acceptance_fixture_case[SYN-ERR-001]" time="0.000" /><testcase classname="tests.test_controlled_integration_acceptance" name="test_acceptance_fixture_case[SYN-ERR-002]" time="0.000" /><testcase classname="tests.test_controlled_integration_acceptance" name="test_acceptance_fixture_case[SYN-ERR-003]" time="0.000" /><testcase classname="tests.test_controlled_integration_acceptance" name="test_acceptance_fixture_case[SYN-ERR-004]" time="0.000" /><testcase classname="tests.test_controlled_integration_acceptance" name="test_acceptance_fixture_case[SYN-ERR-005]" time="0.000" /><testcase classname="tests.test_controlled_integration_acceptance" name="test_acceptance_fixture_case[SYN-ERR-006]" time="0.000" /><testcase classname="tests.test_controlled_integration_acceptance" name="test_acceptance_fixture_case[SYN-ERR-007]" time="0.000" /><testcase classname="tests.test_controlled_integration_acceptance" name="test_acceptance_fixture_case[SYN-ERR-008]" time="0.000" /><testcase classname="tests.test_controlled_integration_acceptance" name="test_acceptance_fixture_case[SYN-ERR-009]" time="0.000" /><testcase classname="tests.test_controlled_integration_acceptance" name="test_acceptance_fixture_case[SYN-ERR-010]" time="0.000" /><testcase classname="tests.test_controlled_integration_acceptance" name="test_acceptance_fixture_case[SYN-ERR-011]" time="0.000" /><testcase classname="tests.test_controlled_integration_acceptance" name="test_acceptance_fixture_case[SYN-ERR-012]" time="0.000" /><testcase classname="tests.test_controlled_integration_acceptance" name="test_acceptance_fixture_case[SYN-ERR-013]" time="0.000" /><testcase classname="tests.test_controlled_integration_acceptance" name="test_acceptance_fixture_case[SYN-ERR-014]" time="0.000" /><testcase classname="tests.test_controlled_integration_acceptance" name="test_acceptance_fixture_case[SYN-ERR-015]" time="0.000" /><testcase classname="tests.test_controlled_integration_acceptance" name="test_acceptance_fixture_case[SYN-ERR-016]" time="0.000" /><testcase classname="tests.test_controlled_integration_acceptance" name="test_acceptance_fixture_case[SYN-ERR-017]" time="0.000" /><testcase classname="tests.test_controlled_integration_acceptance" name="test_acceptance_fixture_case[SYN-ERR-018]" time="0.000" /><testcase classname="tests.test_controlled_integration_acceptance" name="test_acceptance_fixture_case[SYN-ERR-019]" time="0.000" /><testcase classname="tests.test_controlled_integration_acceptance" name="test_acceptance_fixture_case[SYN-ERR-020]" time="0.000" /><testcase classname="tests.test_controlled_integration_acceptance" name="test_acceptance_fixture_case[SYN-SEC-001]" time="0.000" /><testcase classname="tests.test_controlled_integration_acceptance" name="test_acceptance_fixture_case[SYN-SEC-002]" time="0.000" /><testcase classname="tests.test_controlled_integration_acceptance" name="test_acceptance_fixture_case[SYN-SEC-003]" time="0.000" /><testcase classname="tests.test_controlled_integration_acceptance" name="test_acceptance_fixture_case[SYN-SEC-004]" time="0.000" /><testcase classname="tests.test_controlled_integration_acceptance" name="test_acceptance_fixture_case[SYN-SEC-005]" time="0.000" /><testcase classname="tests.test_controlled_integration_acceptance" name="test_acceptance_fixture_case[SYN-SEC-006]" time="0.000" /><testcase classname="tests.test_controlled_integration_acceptance" name="test_acceptance_fixture_case[SYN-SEC-007]" time="0.000" /><testcase classname="tests.test_controlled_integration_acceptance" name="test_acceptance_fixture_case[SYN-SEC-008]" time="0.000" /><testcase classname="tests.test_controlled_integration_acceptance" name="test_acceptance_fixture_case[SYN-SEC-009]" time="0.000" /><testcase classname="tests.test_controlled_integration_acceptance" name="test_acceptance_fixture_case[SYN-SEC-010]" time="0.000" /><testcase classname="tests.test_controlled_integration_acceptance" name="test_acceptance_fixture_case[SYN-SEC-011]" time="0.000" /><testcase classname="tests.test_controlled_integration_acceptance" name="test_acceptance_fixture_case[SYN-SEC-012]" time="0.000" /><testcase classname="tests.test_controlled_integration_acceptance" name="test_acceptance_fixture_case[SYN-SEC-013]" time="0.000" /><testcase classname="tests.test_controlled_integration_acceptance" name="test_acceptance_fixture_case[SYN-SEC-014]" time="0.000" /><testcase classname="tests.test_controlled_integration_acceptance" name="test_acceptance_fixture_case[SYN-SEC-015]" time="0.000" /><testcase classname="tests.test_controlled_integration_acceptance" name="test_acceptance_fixture_case[SYN-SEC-016]" time="0.000" /><testcase classname="tests.test_controlled_integration_acceptance" name="test_acceptance_fixture_case[SYN-SEC-017]" time="0.000" /><testcase classname="tests.test_controlled_integration_acceptance" name="test_acceptance_fixture_case[SYN-SEC-018]" time="0.000" /><testcase classname="tests.test_controlled_integration_acceptance" name="test_acceptance_fixture_case[SYN-SEC-019]" time="0.000" /><testcase classname="tests.test_controlled_integration_acceptance" name="test_acceptance_fixture_case[SYN-SEC-020]" time="0.000" /><testcase classname="tests.test_controlled_integration_audit" name="test_audit_logger_log_event" time="0.000" /><testcase classname="tests.test_controlled_integration_audit" name="test_audit_logger_get_events_for_request" time="0.000" /><testcase classname="tests.test_controlled_integration_audit" name="test_audit_logger_event_immutability" time="0.000" /><testcase classname="tests.test_controlled_integration_fallback" name="test_legacy_retrieval_adapter" time="0.000" /><testcase classname="tests.test_controlled_integration_fallback" name="test_fallback_handler_execution" time="0.000" /><testcase classname="tests.test_controlled_integration_fallback" name="test_fallback_handler_multiple_reasons" time="0.000" /><testcase classname="tests.test_controlled_integration_flags" name="test_default_operating_mode" time="0.000" /><testcase classname="tests.test_controlled_integration_flags" name="test_all_valid_operating_modes" time="0.000" /><testcase classname="tests.test_controlled_integration_flags" name="test_rule_err_01_emergency_disabled_forces_subflags_false" time="0.000" /><testcase classname="tests.test_controlled_integration_flags" name="test_rule_err_02_legacy_only_forces_subflags_false" time="0.000" /><testcase classname="tests.test_controlled_integration_flags" name="test_rule_err_03_gate_b_requires_official_retrieval" time="0.000" /><testcase classname="tests.test_controlled_integration_flags" name="test_rule_err_04_gate_c_requires_gate_b_and_audit" time="0.000" /><testcase classname="tests.test_controlled_integration_flags" name="test_invalid_operating_mode_raises_error" time="0.000" /><testcase classname="tests.test_controlled_integration_flags" name="test_valid_flag_overrides_in_therapist_pilot" time="0.000" /><testcase classname="tests.test_controlled_integration_isolation" name="test_zero_graph_writes" time="0.001" /><testcase classname="tests.test_controlled_integration_isolation" name="test_zero_neo4j_calls" time="0.001" /><testcase classname="tests.test_controlled_integration_isolation" name="test_zero_external_network_calls" time="0.001" /><testcase classname="tests.test_controlled_integration_isolation" name="test_zero_llm_calls" time="0.001" /><testcase classname="tests.test_controlled_integration_isolation" name="test_zero_protected_production_imports" time="0.012" /><testcase classname="tests.test_controlled_integration_models" name="test_integration_context_instantiation_and_defaults" time="0.000" /><testcase classname="tests.test_controlled_integration_models" name="test_integration_context_immutability" time="0.000" /><testcase classname="tests.test_controlled_integration_models" name="test_integration_request_instantiation" time="0.000" /><testcase classname="tests.test_controlled_integration_models" name="test_official_evidence_bundle" time="0.000" /><testcase classname="tests.test_controlled_integration_models" name="test_novelty_discovery_bundle" time="0.000" /><testcase classname="tests.test_controlled_integration_models" name="test_consultation_input_bundle" time="0.000" /><testcase classname="tests.test_controlled_integration_models" name="test_consultation_output_bundle" time="0.000" /><testcase classname="tests.test_controlled_integration_models" name="test_integration_decision" time="0.000" /><testcase classname="tests.test_controlled_integration_models" name="test_integration_explanation" time="0.000" /><testcase classname="tests.test_controlled_integration_models" name="test_integration_audit_event" time="0.000" /><testcase classname="tests.test_controlled_integration_orchestrator" name="test_orchestrator_legacy_only_mode" time="0.000" /><testcase classname="tests.test_controlled_integration_orchestrator" name="test_orchestrator_emergency_disabled_mode" time="0.000" /><testcase classname="tests.test_controlled_integration_orchestrator" name="test_orchestrator_official_retrieval_only_mode" time="0.000" /><testcase classname="tests.test_controlled_integration_orchestrator" name="test_orchestrator_therapist_pilot_full_pipeline" time="0.001" /><testcase classname="tests.test_controlled_integration_orchestrator" name="test_orchestrator_fallback_on_unhandled_mode" time="0.000" /><testcase classname="tests.test_controlled_integration_orchestrator" name="test_orchestrator_audit_event_logging" time="0.000" /><testcase classname="tests.test_controlled_integration_security" name="test_pii_detection_and_rejection" time="0.000" /><testcase classname="tests.test_controlled_integration_security" name="test_clean_text_passes_pii_validation" time="0.000" /><testcase classname="tests.test_controlled_integration_security" name="test_pii_sanitization" time="0.000" /><testcase classname="tests.test_controlled_integration_security" name="test_rbac_role_authorization_allowed_roles" time="0.000" /><testcase classname="tests.test_controlled_integration_security" name="test_rbac_role_authorization_denied_roles" time="0.000" /><testcase classname="tests.test_controlled_integration_security" name="test_knowledge_graph_write_explicit_deny" time="0.000" /><testcase classname="tests.test_controlled_integration_security" name="test_raw_narrative_storage_forbidden" time="0.000" /><testcase classname="tests.test_controlled_integration_security" name="test_gate_cd_boundary_novelty_interception" time="0.000" /><testcase classname="tests.test_controlled_integration_security" name="test_gate_cd_boundary_forced_leak_exception" time="0.000" /><testcase classname="tests.test_controlled_integration_telemetry" name="test_telemetry_recorder_initial_state" time="0.000" /><testcase classname="tests.test_controlled_integration_telemetry" name="test_telemetry_recorder_decision_counts" time="0.000" /><testcase classname="tests.test_controlled_integration_telemetry" name="test_telemetry_recorder_blocked_evidence_count" time="0.000" /><testcase classname="tests.test_controlled_integration_telemetry" name="test_telemetry_zero_pii_guarantee" time="0.000" /><testcase classname="tests.test_controls_and_security" name="test_five_operating_modes_defined" time="0.000" /><testcase classname="tests.test_controls_and_security" name="test_operating_mode_defaults_and_evaluation" time="0.000" /><testcase classname="tests.test_controls_and_security" name="test_invalid_mode_fails_closed_to_legacy" time="0.000" /><testcase classname="tests.test_controls_and_security" name="test_unknown_flag_key_fails_closed" time="0.000" /><testcase classname="tests.test_controls_and_security" name="test_rule_err_01_emergency_mode" time="0.000" /><testcase classname="tests.test_controls_and_security" name="test_rule_err_03_gate_b_requires_official_retrieval" time="0.000" /><testcase classname="tests.test_controls_and_security" name="test_emergency_disable_environment_variable" time="0.000" /><testcase classname="tests.test_controls_and_security" name="test_emergency_disable_sentinel_file" time="0.008" /><testcase classname="tests.test_controls_and_security" name="test_pii_rejection_email_phone_ssn" time="0.000" /><testcase classname="tests.test_controls_and_security" name="test_pii_text_sanitization" time="0.000" /><testcase classname="tests.test_controls_and_security" name="test_raw_narrative_storage_forbidden" time="0.000" /><testcase classname="tests.test_controls_and_security" name="test_rbac_least_privilege_access_control" time="0.000" /><testcase classname="tests.test_controls_and_security" name="test_immutable_audit_logger_hash_chaining" time="0.000" /><testcase classname="tests.test_controls_and_security" name="test_telemetry_collector_schema_compliance_and_hashing" time="0.000" /><testcase classname="tests.test_controls_and_security" name="test_orchestrator_pii_rejection_trigger_fallback" time="0.001" /><testcase classname="tests.test_eval_dataset" name="test_evaluation_dataset_contract" time="0.001" /><testcase classname="tests.test_extractor_bundle_section" name="test_forward_slash_marker_extraction" time="0.000" /><testcase classname="tests.test_extractor_bundle_section" name="test_backslash_marker_extraction" time="0.000" /><testcase classname="tests.test_extractor_bundle_section" name="test_missing_begin_marker" time="0.000" /><testcase classname="tests.test_extractor_bundle_section" name="test_missing_end_marker" time="0.000" /><testcase classname="tests.test_extractor_bundle_section" name="test_duplicate_begin_markers" time="0.000" /><testcase classname="tests.test_extractor_bundle_section" name="test_mismatched_end_path" time="0.000" /><testcase classname="tests.test_extractor_bundle_section" name="test_nested_begin_marker_before_end" time="0.000" /><testcase classname="tests.test_extractor_bundle_section" name="test_empty_section" time="0.000" /><testcase classname="tests.test_extractor_bundle_section" name="test_content_preservation_without_strip" time="0.000" /><testcase classname="tests.test_extractor_bundle_section" name="test_separator_after_begin_excluded" time="0.000" /><testcase classname="tests.test_extractor_bundle_section" name="test_separator_before_end_excluded" time="0.000" /><testcase classname="tests.test_extractor_bundle_section" name="test_separator_inside_source_content_preserved" time="0.000" /><testcase classname="tests.test_extractor_bundle_section" name="test_no_separator_bundle_remains_unchanged" time="0.000" /><testcase classname="tests.test_extractor_bundle_section" name="test_crlf_and_lf_behavior" time="0.000" /><testcase classname="tests.test_extractor_bundle_section" name="test_normalize_text_no_final_newline" time="0.000" /><testcase classname="tests.test_extractor_bundle_section" name="test_normalize_text_one_final_newline" time="0.000" /><testcase classname="tests.test_extractor_bundle_section" name="test_normalize_text_two_final_newlines" time="0.000" /><testcase classname="tests.test_extractor_bundle_section" name="test_normalize_text_multiple_internal_blank_lines" time="0.000" /><testcase classname="tests.test_extractor_bundle_section" name="test_normalize_text_crlf_input" time="0.000" /><testcase classname="tests.test_extractor_bundle_section" name="test_normalize_text_utf8_bom" time="0.000" /><testcase classname="tests.test_gate_a_dry_run_and_isolation" name="test_dry_run_no_writes" time="0.396" /><testcase classname="tests.test_gate_a_dry_run_and_isolation" name="test_shadow_isolation" time="0.066" /><testcase classname="tests.test_gate_a_metrics" name="test_gate_a_metrics" time="0.020" /><testcase classname="tests.test_gate_b_acceptance" name="test_gate_b_fixture[C:\\Avihusitton\\clinical_ai\\tests\\fixtures\\gate_b\\da_1.json]" time="0.001" /><testcase classname="tests.test_gate_b_acceptance" name="test_gate_b_fixture[C:\\Avihusitton\\clinical_ai\\tests\\fixtures\\gate_b\\da_10.json]" time="0.000" /><testcase classname="tests.test_gate_b_acceptance" name="test_gate_b_fixture[C:\\Avihusitton\\clinical_ai\\tests\\fixtures\\gate_b\\da_2.json]" time="0.000" /><testcase classname="tests.test_gate_b_acceptance" name="test_gate_b_fixture[C:\\Avihusitton\\clinical_ai\\tests\\fixtures\\gate_b\\da_3.json]" time="0.000" /><testcase classname="tests.test_gate_b_acceptance" name="test_gate_b_fixture[C:\\Avihusitton\\clinical_ai\\tests\\fixtures\\gate_b\\da_4.json]" time="0.000" /><testcase classname="tests.test_gate_b_acceptance" name="test_gate_b_fixture[C:\\Avihusitton\\clinical_ai\\tests\\fixtures\\gate_b\\da_5.json]" time="0.000" /><testcase classname="tests.test_gate_b_acceptance" name="test_gate_b_fixture[C:\\Avihusitton\\clinical_ai\\tests\\fixtures\\gate_b\\da_6.json]" time="0.000" /><testcase classname="tests.test_gate_b_acceptance" name="test_gate_b_fixture[C:\\Avihusitton\\clinical_ai\\tests\\fixtures\\gate_b\\da_7.json]" time="0.000" /><testcase classname="tests.test_gate_b_acceptance" name="test_gate_b_fixture[C:\\Avihusitton\\clinical_ai\\tests\\fixtures\\gate_b\\da_8.json]" time="0.000" /><testcase classname="tests.test_gate_b_acceptance" name="test_gate_b_fixture[C:\\Avihusitton\\clinical_ai\\tests\\fixtures\\gate_b\\da_9.json]" time="0.000" /><testcase classname="tests.test_gate_b_acceptance" name="test_gate_b_fixture[C:\\Avihusitton\\clinical_ai\\tests\\fixtures\\gate_b\\dr_1.json]" time="0.001" /><testcase classname="tests.test_gate_b_acceptance" name="test_gate_b_fixture[C:\\Avihusitton\\clinical_ai\\tests\\fixtures\\gate_b\\dr_10.json]" time="0.000" /><testcase classname="tests.test_gate_b_acceptance" name="test_gate_b_fixture[C:\\Avihusitton\\clinical_ai\\tests\\fixtures\\gate_b\\dr_2.json]" time="0.000" /><testcase classname="tests.test_gate_b_acceptance" name="test_gate_b_fixture[C:\\Avihusitton\\clinical_ai\\tests\\fixtures\\gate_b\\dr_3.json]" time="0.000" /><testcase classname="tests.test_gate_b_acceptance" name="test_gate_b_fixture[C:\\Avihusitton\\clinical_ai\\tests\\fixtures\\gate_b\\dr_4.json]" time="0.000" /><testcase classname="tests.test_gate_b_acceptance" name="test_gate_b_fixture[C:\\Avihusitton\\clinical_ai\\tests\\fixtures\\gate_b\\dr_5.json]" time="0.000" /><testcase classname="tests.test_gate_b_acceptance" name="test_gate_b_fixture[C:\\Avihusitton\\clinical_ai\\tests\\fixtures\\gate_b\\dr_6.json]" time="0.000" /><testcase classname="tests.test_gate_b_acceptance" name="test_gate_b_fixture[C:\\Avihusitton\\clinical_ai\\tests\\fixtures\\gate_b\\dr_7.json]" time="0.000" /><testcase classname="tests.test_gate_b_acceptance" name="test_gate_b_fixture[C:\\Avihusitton\\clinical_ai\\tests\\fixtures\\gate_b\\dr_8.json]" time="0.000" /><testcase classname="tests.test_gate_b_acceptance" name="test_gate_b_fixture[C:\\Avihusitton\\clinical_ai\\tests\\fixtures\\gate_b\\dr_9.json]" time="0.000" /><testcase classname="tests.test_gate_b_acceptance" name="test_gate_b_fixture[C:\\Avihusitton\\clinical_ai\\tests\\fixtures\\gate_b\\tha_1.json]" time="0.000" /><testcase classname="tests.test_gate_b_acceptance" name="test_gate_b_fixture[C:\\Avihusitton\\clinical_ai\\tests\\fixtures\\gate_b\\tha_10.json]" time="0.000" /><testcase classname="tests.test_gate_b_acceptance" name="test_gate_b_fixture[C:\\Avihusitton\\clinical_ai\\tests\\fixtures\\gate_b\\tha_2.json]" time="0.000" /><testcase classname="tests.test_gate_b_acceptance" name="test_gate_b_fixture[C:\\Avihusitton\\clinical_ai\\tests\\fixtures\\gate_b\\tha_3.json]" time="0.000" /><testcase classname="tests.test_gate_b_acceptance" name="test_gate_b_fixture[C:\\Avihusitton\\clinical_ai\\tests\\fixtures\\gate_b\\tha_4.json]" time="0.000" /><testcase classname="tests.test_gate_b_acceptance" name="test_gate_b_fixture[C:\\Avihusitton\\clinical_ai\\tests\\fixtures\\gate_b\\tha_5.json]" time="0.001" /><testcase classname="tests.test_gate_b_acceptance" name="test_gate_b_fixture[C:\\Avihusitton\\clinical_ai\\tests\\fixtures\\gate_b\\tha_6.json]" time="0.000" /><testcase classname="tests.test_gate_b_acceptance" name="test_gate_b_fixture[C:\\Avihusitton\\clinical_ai\\tests\\fixtures\\gate_b\\tha_7.json]" time="0.000" /><testcase classname="tests.test_gate_b_acceptance" name="test_gate_b_fixture[C:\\Avihusitton\\clinical_ai\\tests\\fixtures\\gate_b\\tha_8.json]" time="0.000" /><testcase classname="tests.test_gate_b_acceptance" name="test_gate_b_fixture[C:\\Avihusitton\\clinical_ai\\tests\\fixtures\\gate_b\\tha_9.json]" time="0.000" /><testcase classname="tests.test_gate_b_acceptance" name="test_gate_b_fixture[C:\\Avihusitton\\clinical_ai\\tests\\fixtures\\gate_b\\thr_1.json]" time="0.000" /><testcase classname="tests.test_gate_b_acceptance" name="test_gate_b_fixture[C:\\Avihusitton\\clinical_ai\\tests\\fixtures\\gate_b\\thr_10.json]" time="0.000" /><testcase classname="tests.test_gate_b_acceptance" name="test_gate_b_fixture[C:\\Avihusitton\\clinical_ai\\tests\\fixtures\\gate_b\\thr_2.json]" time="0.000" /><testcase classname="tests.test_gate_b_acceptance" name="test_gate_b_fixture[C:\\Avihusitton\\clinical_ai\\tests\\fixtures\\gate_b\\thr_3.json]" time="0.000" /><testcase classname="tests.test_gate_b_acceptance" name="test_gate_b_fixture[C:\\Avihusitton\\clinical_ai\\tests\\fixtures\\gate_b\\thr_4.json]" time="0.001" /><testcase classname="tests.test_gate_b_acceptance" name="test_gate_b_fixture[C:\\Avihusitton\\clinical_ai\\tests\\fixtures\\gate_b\\thr_5.json]" time="0.000" /><testcase classname="tests.test_gate_b_acceptance" name="test_gate_b_fixture[C:\\Avihusitton\\clinical_ai\\tests\\fixtures\\gate_b\\thr_6.json]" time="0.000" /><testcase classname="tests.test_gate_b_acceptance" name="test_gate_b_fixture[C:\\Avihusitton\\clinical_ai\\tests\\fixtures\\gate_b\\thr_7.json]" time="0.000" /><testcase classname="tests.test_gate_b_acceptance" name="test_gate_b_fixture[C:\\Avihusitton\\clinical_ai\\tests\\fixtures\\gate_b\\thr_8.json]" time="0.000" /><testcase classname="tests.test_gate_b_acceptance" name="test_gate_b_fixture[C:\\Avihusitton\\clinical_ai\\tests\\fixtures\\gate_b\\thr_9.json]" time="0.000" /><testcase classname="tests.test_gate_b_no_write" name="test_no_graph_write_methods" time="0.003" /><testcase classname="tests.test_gate_b_no_write" name="test_no_neo4j_driver_required" time="0.001" /><testcase classname="tests.test_gate_c_acceptance" name="test_acceptance_all_four_required_fields_present[G1-01]" time="0.000" /><testcase classname="tests.test_gate_c_acceptance" name="test_acceptance_all_four_required_fields_present[G1-02]" time="0.000" /><testcase classname="tests.test_gate_c_acceptance" name="test_acceptance_all_four_required_fields_present[G1-03]" time="0.000" /><testcase classname="tests.test_gate_c_acceptance" name="test_acceptance_all_four_required_fields_present[G1-04]" time="0.000" /><testcase classname="tests.test_gate_c_acceptance" name="test_acceptance_all_four_required_fields_present[G1-05]" time="0.000" /><testcase classname="tests.test_gate_c_acceptance" name="test_acceptance_all_four_required_fields_present[G1-06]" time="0.000" /><testcase classname="tests.test_gate_c_acceptance" name="test_acceptance_all_four_required_fields_present[G1-07]" time="0.000" /><testcase classname="tests.test_gate_c_acceptance" name="test_acceptance_all_four_required_fields_present[G1-08]" time="0.000" /><testcase classname="tests.test_gate_c_acceptance" name="test_acceptance_all_four_required_fields_present[G1-09]" time="0.000" /><testcase classname="tests.test_gate_c_acceptance" name="test_acceptance_all_four_required_fields_present[G1-10]" time="0.000" /><testcase classname="tests.test_gate_c_acceptance" name="test_acceptance_all_four_required_fields_present[G2-01]" time="0.000" /><testcase classname="tests.test_gate_c_acceptance" name="test_acceptance_all_four_required_fields_present[G2-02]" time="0.000" /><testcase classname="tests.test_gate_c_acceptance" name="test_acceptance_all_four_required_fields_present[G2-03]" time="0.000" /><testcase classname="tests.test_gate_c_acceptance" name="test_acceptance_all_four_required_fields_present[G2-04]" time="0.000" /><testcase classname="tests.test_gate_c_acceptance" name="test_acceptance_all_four_required_fields_present[G2-05]" time="0.000" /><testcase classname="tests.test_gate_c_acceptance" name="test_acceptance_all_four_required_fields_present[G2-06]" time="0.000" /><testcase classname="tests.test_gate_c_acceptance" name="test_acceptance_all_four_required_fields_present[G2-07]" time="0.000" /><testcase classname="tests.test_gate_c_acceptance" name="test_acceptance_all_four_required_fields_present[G2-08]" time="0.000" /><testcase classname="tests.test_gate_c_acceptance" name="test_acceptance_all_four_required_fields_present[G2-09]" time="0.000" /><testcase classname="tests.test_gate_c_acceptance" name="test_acceptance_all_four_required_fields_present[G2-10]" time="0.000" /><testcase classname="tests.test_gate_c_acceptance" name="test_acceptance_all_four_required_fields_present[G3-01]" time="0.000" /><testcase classname="tests.test_gate_c_acceptance" name="test_acceptance_all_four_required_fields_present[G3-02]" time="0.000" /><testcase classname="tests.test_gate_c_acceptance" name="test_acceptance_all_four_required_fields_present[G3-03]" time="0.000" /><testcase classname="tests.test_gate_c_acceptance" name="test_acceptance_all_four_required_fields_present[G3-04]" time="0.000" /><testcase classname="tests.test_gate_c_acceptance" name="test_acceptance_all_four_required_fields_present[G3-05]" time="0.000" /><testcase classname="tests.test_gate_c_acceptance" name="test_acceptance_all_four_required_fields_present[G3-06]" time="0.000" /><testcase classname="tests.test_gate_c_acceptance" name="test_acceptance_all_four_required_fields_present[G3-07]" time="0.000" /><testcase classname="tests.test_gate_c_acceptance" name="test_acceptance_all_four_required_fields_present[G3-08]" time="0.000" /><testcase classname="tests.test_gate_c_acceptance" name="test_acceptance_all_four_required_fields_present[G3-09]" time="0.000" /><testcase classname="tests.test_gate_c_acceptance" name="test_acceptance_all_four_required_fields_present[G3-10]" time="0.000" /><testcase classname="tests.test_gate_c_acceptance" name="test_acceptance_all_four_required_fields_present[G4-01]" time="0.000" /><testcase classname="tests.test_gate_c_acceptance" name="test_acceptance_all_four_required_fields_present[G4-02]" time="0.000" /><testcase classname="tests.test_gate_c_acceptance" name="test_acceptance_all_four_required_fields_present[G4-03]" time="0.000" /><testcase classname="tests.test_gate_c_acceptance" name="test_acceptance_all_four_required_fields_present[G4-04]" time="0.000" /><testcase classname="tests.test_gate_c_acceptance" name="test_acceptance_all_four_required_fields_present[G4-05]" time="0.000" /><testcase classname="tests.test_gate_c_acceptance" name="test_acceptance_all_four_required_fields_present[G4-06]" time="0.000" /><testcase classname="tests.test_gate_c_acceptance" name="test_acceptance_all_four_required_fields_present[G4-07]" time="0.000" /><testcase classname="tests.test_gate_c_acceptance" name="test_acceptance_all_four_required_fields_present[G4-08]" time="0.000" /><testcase classname="tests.test_gate_c_acceptance" name="test_acceptance_all_four_required_fields_present[G4-09]" time="0.000" /><testcase classname="tests.test_gate_c_acceptance" name="test_acceptance_all_four_required_fields_present[G4-10]" time="0.000" /><testcase classname="tests.test_gate_c_acceptance" name="test_acceptance_all_four_required_fields_present[G5-01]" time="0.000" /><testcase classname="tests.test_gate_c_acceptance" name="test_acceptance_all_four_required_fields_present[G5-02]" time="0.000" /><testcase classname="tests.test_gate_c_acceptance" name="test_acceptance_all_four_required_fields_present[G5-03]" time="0.000" /><testcase classname="tests.test_gate_c_acceptance" name="test_acceptance_all_four_required_fields_present[G5-04]" time="0.000" /><testcase classname="tests.test_gate_c_acceptance" name="test_acceptance_all_four_required_fields_present[G5-05]" time="0.000" /><testcase classname="tests.test_gate_c_acceptance" name="test_acceptance_all_four_required_fields_present[G5-06]" time="0.000" /><testcase classname="tests.test_gate_c_acceptance" name="test_acceptance_all_four_required_fields_present[G5-07]" time="0.000" /><testcase classname="tests.test_gate_c_acceptance" name="test_acceptance_all_four_required_fields_present[G5-08]" time="0.000" /><testcase classname="tests.test_gate_c_acceptance" name="test_acceptance_all_four_required_fields_present[G5-09]" time="0.000" /><testcase classname="tests.test_gate_c_acceptance" name="test_acceptance_all_four_required_fields_present[G5-10]" time="0.000" /><testcase classname="tests.test_gate_c_acceptance" name="test_acceptance_all_four_required_fields_present[G6-01]" time="0.000" /><testcase classname="tests.test_gate_c_acceptance" name="test_acceptance_all_four_required_fields_present[G6-02]" time="0.000" /><testcase classname="tests.test_gate_c_acceptance" name="test_acceptance_all_four_required_fields_present[G6-03]" time="0.000" /><testcase classname="tests.test_gate_c_acceptance" name="test_acceptance_all_four_required_fields_present[G6-04]" time="0.000" /><testcase classname="tests.test_gate_c_acceptance" name="test_acceptance_all_four_required_fields_present[G6-05]" time="0.000" /><testcase classname="tests.test_gate_c_acceptance" name="test_acceptance_all_four_required_fields_present[G6-06]" time="0.000" /><testcase classname="tests.test_gate_c_acceptance" name="test_acceptance_all_four_required_fields_present[G6-07]" time="0.000" /><testcase classname="tests.test_gate_c_acceptance" name="test_acceptance_all_four_required_fields_present[G6-08]" time="0.000" /><testcase classname="tests.test_gate_c_acceptance" name="test_acceptance_all_four_required_fields_present[G6-09]" time="0.000" /><testcase classname="tests.test_gate_c_acceptance" name="test_acceptance_all_four_required_fields_present[G6-10]" time="0.000" /><testcase classname="tests.test_gate_c_acceptance" name="test_acceptance_engine_novelty_type[G1-01]" time="0.000" /><testcase classname="tests.test_gate_c_acceptance" name="test_acceptance_engine_novelty_type[G1-02]" time="0.000" /><testcase classname="tests.test_gate_c_acceptance" name="test_acceptance_engine_novelty_type[G1-03]" time="0.000" /><testcase classname="tests.test_gate_c_acceptance" name="test_acceptance_engine_novelty_type[G1-04]" time="0.000" /><testcase classname="tests.test_gate_c_acceptance" name="test_acceptance_engine_novelty_type[G1-05]" time="0.000" /><testcase classname="tests.test_gate_c_acceptance" name="test_acceptance_engine_novelty_type[G1-06]" time="0.000" /><testcase classname="tests.test_gate_c_acceptance" name="test_acceptance_engine_novelty_type[G1-07]" time="0.000" /><testcase classname="tests.test_gate_c_acceptance" name="test_acceptance_engine_novelty_type[G1-08]" time="0.000" /><testcase classname="tests.test_gate_c_acceptance" name="test_acceptance_engine_novelty_type[G1-09]" time="0.000" /><testcase classname="tests.test_gate_c_acceptance" name="test_acceptance_engine_novelty_type[G1-10]" time="0.000" /><testcase classname="tests.test_gate_c_acceptance" name="test_acceptance_engine_novelty_type[G2-01]" time="0.000" /><testcase classname="tests.test_gate_c_acceptance" name="test_acceptance_engine_novelty_type[G2-02]" time="0.000" /><testcase classname="tests.test_gate_c_acceptance" name="test_acceptance_engine_novelty_type[G2-03]" time="0.000" /><testcase classname="tests.test_gate_c_acceptance" name="test_acceptance_engine_novelty_type[G2-04]" time="0.000" /><testcase classname="tests.test_gate_c_acceptance" name="test_acceptance_engine_novelty_type[G2-05]" time="0.000" /><testcase classname="tests.test_gate_c_acceptance" name="test_acceptance_engine_novelty_type[G2-06]" time="0.000" /><testcase classname="tests.test_gate_c_acceptance" name="test_acceptance_engine_novelty_type[G2-07]" time="0.000" /><testcase classname="tests.test_gate_c_acceptance" name="test_acceptance_engine_novelty_type[G2-08]" time="0.000" /><testcase classname="tests.test_gate_c_acceptance" name="test_acceptance_engine_novelty_type[G2-09]" time="0.000" /><testcase classname="tests.test_gate_c_acceptance" name="test_acceptance_engine_novelty_type[G2-10]" time="0.000" /><testcase classname="tests.test_gate_c_acceptance" name="test_acceptance_engine_novelty_type[G3-01]" time="0.000" /><testcase classname="tests.test_gate_c_acceptance" name="test_acceptance_engine_novelty_type[G3-02]" time="0.000" /><testcase classname="tests.test_gate_c_acceptance" name="test_acceptance_engine_novelty_type[G3-03]" time="0.000" /><testcase classname="tests.test_gate_c_acceptance" name="test_acceptance_engine_novelty_type[G3-04]" time="0.000" /><testcase classname="tests.test_gate_c_acceptance" name="test_acceptance_engine_novelty_type[G3-05]" time="0.000" /><testcase classname="tests.test_gate_c_acceptance" name="test_acceptance_engine_novelty_type[G3-06]" time="0.000" /><testcase classname="tests.test_gate_c_acceptance" name="test_acceptance_engine_novelty_type[G3-07]" time="0.000" /><testcase classname="tests.test_gate_c_acceptance" name="test_acceptance_engine_novelty_type[G3-08]" time="0.000" /><testcase classname="tests.test_gate_c_acceptance" name="test_acceptance_engine_novelty_type[G3-09]" time="0.000" /><testcase classname="tests.test_gate_c_acceptance" name="test_acceptance_engine_novelty_type[G3-10]" time="0.000" /><testcase classname="tests.test_gate_c_acceptance" name="test_acceptance_engine_novelty_type[G4-01]" time="0.000" /><testcase classname="tests.test_gate_c_acceptance" name="test_acceptance_engine_novelty_type[G4-02]" time="0.000" /><testcase classname="tests.test_gate_c_acceptance" name="test_acceptance_engine_novelty_type[G4-03]" time="0.000" /><testcase classname="tests.test_gate_c_acceptance" name="test_acceptance_engine_novelty_type[G4-04]" time="0.000" /><testcase classname="tests.test_gate_c_acceptance" name="test_acceptance_engine_novelty_type[G4-05]" time="0.000" /><testcase classname="tests.test_gate_c_acceptance" name="test_acceptance_engine_novelty_type[G4-06]" time="0.000" /><testcase classname="tests.test_gate_c_acceptance" name="test_acceptance_engine_novelty_type[G4-07]" time="0.000" /><testcase classname="tests.test_gate_c_acceptance" name="test_acceptance_engine_novelty_type[G4-08]" time="0.000" /><testcase classname="tests.test_gate_c_acceptance" name="test_acceptance_engine_novelty_type[G4-09]" time="0.000" /><testcase classname="tests.test_gate_c_acceptance" name="test_acceptance_engine_novelty_type[G4-10]" time="0.000" /><testcase classname="tests.test_gate_c_acceptance" name="test_acceptance_engine_novelty_type[G5-01]" time="0.000" /><testcase classname="tests.test_gate_c_acceptance" name="test_acceptance_engine_novelty_type[G5-02]" time="0.001" /><testcase classname="tests.test_gate_c_acceptance" name="test_acceptance_engine_novelty_type[G5-03]" time="0.000" /><testcase classname="tests.test_gate_c_acceptance" name="test_acceptance_engine_novelty_type[G5-04]" time="0.000" /><testcase classname="tests.test_gate_c_acceptance" name="test_acceptance_engine_novelty_type[G5-05]" time="0.000" /><testcase classname="tests.test_gate_c_acceptance" name="test_acceptance_engine_novelty_type[G5-06]" time="0.000" /><testcase classname="tests.test_gate_c_acceptance" name="test_acceptance_engine_novelty_type[G5-07]" time="0.000" /><testcase classname="tests.test_gate_c_acceptance" name="test_acceptance_engine_novelty_type[G5-08]" time="0.000" /><testcase classname="tests.test_gate_c_acceptance" name="test_acceptance_engine_novelty_type[G5-09]" time="0.000" /><testcase classname="tests.test_gate_c_acceptance" name="test_acceptance_engine_novelty_type[G5-10]" time="0.000" /><testcase classname="tests.test_gate_c_acceptance" name="test_acceptance_engine_novelty_type[G6-01]" time="0.000" /><testcase classname="tests.test_gate_c_acceptance" name="test_acceptance_engine_novelty_type[G6-02]" time="0.000" /><testcase classname="tests.test_gate_c_acceptance" name="test_acceptance_engine_novelty_type[G6-03]" time="0.000" /><testcase classname="tests.test_gate_c_acceptance" name="test_acceptance_engine_novelty_type[G6-04]" time="0.000" /><testcase classname="tests.test_gate_c_acceptance" name="test_acceptance_engine_novelty_type[G6-05]" time="0.000" /><testcase classname="tests.test_gate_c_acceptance" name="test_acceptance_engine_novelty_type[G6-06]" time="0.000" /><testcase classname="tests.test_gate_c_acceptance" name="test_acceptance_engine_novelty_type[G6-07]" time="0.000" /><testcase classname="tests.test_gate_c_acceptance" name="test_acceptance_engine_novelty_type[G6-08]" time="0.000" /><testcase classname="tests.test_gate_c_acceptance" name="test_acceptance_engine_novelty_type[G6-09]" time="0.000" /><testcase classname="tests.test_gate_c_acceptance" name="test_acceptance_engine_novelty_type[G6-10]" time="0.000" /><testcase classname="tests.test_gate_c_acceptance" name="test_acceptance_explanation_consistency[G1-01]" time="0.000" /><testcase classname="tests.test_gate_c_acceptance" name="test_acceptance_explanation_consistency[G1-02]" time="0.000" /><testcase classname="tests.test_gate_c_acceptance" name="test_acceptance_explanation_consistency[G1-03]" time="0.000" /><testcase classname="tests.test_gate_c_acceptance" name="test_acceptance_explanation_consistency[G1-04]" time="0.000" /><testcase classname="tests.test_gate_c_acceptance" name="test_acceptance_explanation_consistency[G1-05]" time="0.000" /><testcase classname="tests.test_gate_c_acceptance" name="test_acceptance_explanation_consistency[G1-06]" time="0.000" /><testcase classname="tests.test_gate_c_acceptance" name="test_acceptance_explanation_consistency[G1-07]" time="0.000" /><testcase classname="tests.test_gate_c_acceptance" name="test_acceptance_explanation_consistency[G1-08]" time="0.000" /><testcase classname="tests.test_gate_c_acceptance" name="test_acceptance_explanation_consistency[G1-09]" time="0.000" /><testcase classname="tests.test_gate_c_acceptance" name="test_acceptance_explanation_consistency[G1-10]" time="0.000" /><testcase classname="tests.test_gate_c_acceptance" name="test_acceptance_explanation_consistency[G2-01]" time="0.000" /><testcase classname="tests.test_gate_c_acceptance" name="test_acceptance_explanation_consistency[G2-02]" time="0.000" /><testcase classname="tests.test_gate_c_acceptance" name="test_acceptance_explanation_consistency[G2-03]" time="0.000" /><testcase classname="tests.test_gate_c_acceptance" name="test_acceptance_explanation_consistency[G2-04]" time="0.000" /><testcase classname="tests.test_gate_c_acceptance" name="test_acceptance_explanation_consistency[G2-05]" time="0.000" /><testcase classname="tests.test_gate_c_acceptance" name="test_acceptance_explanation_consistency[G2-06]" time="0.000" /><testcase classname="tests.test_gate_c_acceptance" name="test_acceptance_explanation_consistency[G2-07]" time="0.000" /><testcase classname="tests.test_gate_c_acceptance" name="test_acceptance_explanation_consistency[G2-08]" time="0.000" /><testcase classname="tests.test_gate_c_acceptance" name="test_acceptance_explanation_consistency[G2-09]" time="0.000" /><testcase classname="tests.test_gate_c_acceptance" name="test_acceptance_explanation_consistency[G2-10]" time="0.001" /><testcase classname="tests.test_gate_c_acceptance" name="test_acceptance_explanation_consistency[G3-01]" time="0.000" /><testcase classname="tests.test_gate_c_acceptance" name="test_acceptance_explanation_consistency[G3-02]" time="0.000" /><testcase classname="tests.test_gate_c_acceptance" name="test_acceptance_explanation_consistency[G3-03]" time="0.000" /><testcase classname="tests.test_gate_c_acceptance" name="test_acceptance_explanation_consistency[G3-04]" time="0.000" /><testcase classname="tests.test_gate_c_acceptance" name="test_acceptance_explanation_consistency[G3-05]" time="0.000" /><testcase classname="tests.test_gate_c_acceptance" name="test_acceptance_explanation_consistency[G3-06]" time="0.000" /><testcase classname="tests.test_gate_c_acceptance" name="test_acceptance_explanation_consistency[G3-07]" time="0.000" /><testcase classname="tests.test_gate_c_acceptance" name="test_acceptance_explanation_consistency[G3-08]" time="0.000" /><testcase classname="tests.test_gate_c_acceptance" name="test_acceptance_explanation_consistency[G3-09]" time="0.000" /><testcase classname="tests.test_gate_c_acceptance" name="test_acceptance_explanation_consistency[G3-10]" time="0.000" /><testcase classname="tests.test_gate_c_acceptance" name="test_acceptance_explanation_consistency[G4-01]" time="0.000" /><testcase classname="tests.test_gate_c_acceptance" name="test_acceptance_explanation_consistency[G4-02]" time="0.000" /><testcase classname="tests.test_gate_c_acceptance" name="test_acceptance_explanation_consistency[G4-03]" time="0.000" /><testcase classname="tests.test_gate_c_acceptance" name="test_acceptance_explanation_consistency[G4-04]" time="0.000" /><testcase classname="tests.test_gate_c_acceptance" name="test_acceptance_explanation_consistency[G4-05]" time="0.000" /><testcase classname="tests.test_gate_c_acceptance" name="test_acceptance_explanation_consistency[G4-06]" time="0.000" /><testcase classname="tests.test_gate_c_acceptance" name="test_acceptance_explanation_consistency[G4-07]" time="0.000" /><testcase classname="tests.test_gate_c_acceptance" name="test_acceptance_explanation_consistency[G4-08]" time="0.000" /><testcase classname="tests.test_gate_c_acceptance" name="test_acceptance_explanation_consistency[G4-09]" time="0.000" /><testcase classname="tests.test_gate_c_acceptance" name="test_acceptance_explanation_consistency[G4-10]" time="0.000" /><testcase classname="tests.test_gate_c_acceptance" name="test_acceptance_explanation_consistency[G5-01]" time="0.000" /><testcase classname="tests.test_gate_c_acceptance" name="test_acceptance_explanation_consistency[G5-02]" time="0.000" /><testcase classname="tests.test_gate_c_acceptance" name="test_acceptance_explanation_consistency[G5-03]" time="0.000" /><testcase classname="tests.test_gate_c_acceptance" name="test_acceptance_explanation_consistency[G5-04]" time="0.000" /><testcase classname="tests.test_gate_c_acceptance" name="test_acceptance_explanation_consistency[G5-05]" time="0.000" /><testcase classname="tests.test_gate_c_acceptance" name="test_acceptance_explanation_consistency[G5-06]" time="0.000" /><testcase classname="tests.test_gate_c_acceptance" name="test_acceptance_explanation_consistency[G5-07]" time="0.000" /><testcase classname="tests.test_gate_c_acceptance" name="test_acceptance_explanation_consistency[G5-08]" time="0.000" /><testcase classname="tests.test_gate_c_acceptance" name="test_acceptance_explanation_consistency[G5-09]" time="0.000" /><testcase classname="tests.test_gate_c_acceptance" name="test_acceptance_explanation_consistency[G5-10]" time="0.000" /><testcase classname="tests.test_gate_c_acceptance" name="test_acceptance_explanation_consistency[G6-01]" time="0.000" /><testcase classname="tests.test_gate_c_acceptance" name="test_acceptance_explanation_consistency[G6-02]" time="0.000" /><testcase classname="tests.test_gate_c_acceptance" name="test_acceptance_explanation_consistency[G6-03]" time="0.000" /><testcase classname="tests.test_gate_c_acceptance" name="test_acceptance_explanation_consistency[G6-04]" time="0.000" /><testcase classname="tests.test_gate_c_acceptance" name="test_acceptance_explanation_consistency[G6-05]" time="0.000" /><testcase classname="tests.test_gate_c_acceptance" name="test_acceptance_explanation_consistency[G6-06]" time="0.000" /><testcase classname="tests.test_gate_c_acceptance" name="test_acceptance_explanation_consistency[G6-07]" time="0.000" /><testcase classname="tests.test_gate_c_acceptance" name="test_acceptance_explanation_consistency[G6-08]" time="0.000" /><testcase classname="tests.test_gate_c_acceptance" name="test_acceptance_explanation_consistency[G6-09]" time="0.000" /><testcase classname="tests.test_gate_c_acceptance" name="test_acceptance_explanation_consistency[G6-10]" time="0.000" /><testcase classname="tests.test_gate_c_acceptance" name="test_acceptance_candidate_status_never_promoted[G1-01]" time="0.000" /><testcase classname="tests.test_gate_c_acceptance" name="test_acceptance_candidate_status_never_promoted[G1-02]" time="0.000" /><testcase classname="tests.test_gate_c_acceptance" name="test_acceptance_candidate_status_never_promoted[G1-03]" time="0.001" /><testcase classname="tests.test_gate_c_acceptance" name="test_acceptance_candidate_status_never_promoted[G1-04]" time="0.000" /><testcase classname="tests.test_gate_c_acceptance" name="test_acceptance_candidate_status_never_promoted[G1-05]" time="0.000" /><testcase classname="tests.test_gate_c_acceptance" name="test_acceptance_candidate_status_never_promoted[G1-06]" time="0.000" /><testcase classname="tests.test_gate_c_acceptance" name="test_acceptance_candidate_status_never_promoted[G1-07]" time="0.000" /><testcase classname="tests.test_gate_c_acceptance" name="test_acceptance_candidate_status_never_promoted[G1-08]" time="0.000" /><testcase classname="tests.test_gate_c_acceptance" name="test_acceptance_candidate_status_never_promoted[G1-09]" time="0.000" /><testcase classname="tests.test_gate_c_acceptance" name="test_acceptance_candidate_status_never_promoted[G1-10]" time="0.000" /><testcase classname="tests.test_gate_c_acceptance" name="test_acceptance_candidate_status_never_promoted[G2-01]" time="0.000" /><testcase classname="tests.test_gate_c_acceptance" name="test_acceptance_candidate_status_never_promoted[G2-02]" time="0.000" /><testcase classname="tests.test_gate_c_acceptance" name="test_acceptance_candidate_status_never_promoted[G2-03]" time="0.000" /><testcase classname="tests.test_gate_c_acceptance" name="test_acceptance_candidate_status_never_promoted[G2-04]" time="0.000" /><testcase classname="tests.test_gate_c_acceptance" name="test_acceptance_candidate_status_never_promoted[G2-05]" time="0.000" /><testcase classname="tests.test_gate_c_acceptance" name="test_acceptance_candidate_status_never_promoted[G2-06]" time="0.000" /><testcase classname="tests.test_gate_c_acceptance" name="test_acceptance_candidate_status_never_promoted[G2-07]" time="0.000" /><testcase classname="tests.test_gate_c_acceptance" name="test_acceptance_candidate_status_never_promoted[G2-08]" time="0.000" /><testcase classname="tests.test_gate_c_acceptance" name="test_acceptance_candidate_status_never_promoted[G2-09]" time="0.000" /><testcase classname="tests.test_gate_c_acceptance" name="test_acceptance_candidate_status_never_promoted[G2-10]" time="0.000" /><testcase classname="tests.test_gate_c_acceptance" name="test_acceptance_candidate_status_never_promoted[G3-01]" time="0.000" /><testcase classname="tests.test_gate_c_acceptance" name="test_acceptance_candidate_status_never_promoted[G3-02]" time="0.000" /><testcase classname="tests.test_gate_c_acceptance" name="test_acceptance_candidate_status_never_promoted[G3-03]" time="0.000" /><testcase classname="tests.test_gate_c_acceptance" name="test_acceptance_candidate_status_never_promoted[G3-04]" time="0.000" /><testcase classname="tests.test_gate_c_acceptance" name="test_acceptance_candidate_status_never_promoted[G3-05]" time="0.000" /><testcase classname="tests.test_gate_c_acceptance" name="test_acceptance_candidate_status_never_promoted[G3-06]" time="0.000" /><testcase classname="tests.test_gate_c_acceptance" name="test_acceptance_candidate_status_never_promoted[G3-07]" time="0.000" /><testcase classname="tests.test_gate_c_acceptance" name="test_acceptance_candidate_status_never_promoted[G3-08]" time="0.000" /><testcase classname="tests.test_gate_c_acceptance" name="test_acceptance_candidate_status_never_promoted[G3-09]" time="0.000" /><testcase classname="tests.test_gate_c_acceptance" name="test_acceptance_candidate_status_never_promoted[G3-10]" time="0.000" /><testcase classname="tests.test_gate_c_acceptance" name="test_acceptance_candidate_status_never_promoted[G4-01]" time="0.000" /><testcase classname="tests.test_gate_c_acceptance" name="test_acceptance_candidate_status_never_promoted[G4-02]" time="0.000" /><testcase classname="tests.test_gate_c_acceptance" name="test_acceptance_candidate_status_never_promoted[G4-03]" time="0.000" /><testcase classname="tests.test_gate_c_acceptance" name="test_acceptance_candidate_status_never_promoted[G4-04]" time="0.000" /><testcase classname="tests.test_gate_c_acceptance" name="test_acceptance_candidate_status_never_promoted[G4-05]" time="0.000" /><testcase classname="tests.test_gate_c_acceptance" name="test_acceptance_candidate_status_never_promoted[G4-06]" time="0.000" /><testcase classname="tests.test_gate_c_acceptance" name="test_acceptance_candidate_status_never_promoted[G4-07]" time="0.000" /><testcase classname="tests.test_gate_c_acceptance" name="test_acceptance_candidate_status_never_promoted[G4-08]" time="0.000" /><testcase classname="tests.test_gate_c_acceptance" name="test_acceptance_candidate_status_never_promoted[G4-09]" time="0.000" /><testcase classname="tests.test_gate_c_acceptance" name="test_acceptance_candidate_status_never_promoted[G4-10]" time="0.000" /><testcase classname="tests.test_gate_c_acceptance" name="test_acceptance_candidate_status_never_promoted[G5-01]" time="0.000" /><testcase classname="tests.test_gate_c_acceptance" name="test_acceptance_candidate_status_never_promoted[G5-02]" time="0.000" /><testcase classname="tests.test_gate_c_acceptance" name="test_acceptance_candidate_status_never_promoted[G5-03]" time="0.000" /><testcase classname="tests.test_gate_c_acceptance" name="test_acceptance_candidate_status_never_promoted[G5-04]" time="0.000" /><testcase classname="tests.test_gate_c_acceptance" name="test_acceptance_candidate_status_never_promoted[G5-05]" time="0.000" /><testcase classname="tests.test_gate_c_acceptance" name="test_acceptance_candidate_status_never_promoted[G5-06]" time="0.000" /><testcase classname="tests.test_gate_c_acceptance" name="test_acceptance_candidate_status_never_promoted[G5-07]" time="0.000" /><testcase classname="tests.test_gate_c_acceptance" name="test_acceptance_candidate_status_never_promoted[G5-08]" time="0.000" /><testcase classname="tests.test_gate_c_acceptance" name="test_acceptance_candidate_status_never_promoted[G5-09]" time="0.000" /><testcase classname="tests.test_gate_c_acceptance" name="test_acceptance_candidate_status_never_promoted[G5-10]" time="0.000" /><testcase classname="tests.test_gate_c_acceptance" name="test_acceptance_candidate_status_never_promoted[G6-01]" time="0.000" /><testcase classname="tests.test_gate_c_acceptance" name="test_acceptance_candidate_status_never_promoted[G6-02]" time="0.000" /><testcase classname="tests.test_gate_c_acceptance" name="test_acceptance_candidate_status_never_promoted[G6-03]" time="0.000" /><testcase classname="tests.test_gate_c_acceptance" name="test_acceptance_candidate_status_never_promoted[G6-04]" time="0.000" /><testcase classname="tests.test_gate_c_acceptance" name="test_acceptance_candidate_status_never_promoted[G6-05]" time="0.000" /><testcase classname="tests.test_gate_c_acceptance" name="test_acceptance_candidate_status_never_promoted[G6-06]" time="0.000" /><testcase classname="tests.test_gate_c_acceptance" name="test_acceptance_candidate_status_never_promoted[G6-07]" time="0.000" /><testcase classname="tests.test_gate_c_acceptance" name="test_acceptance_candidate_status_never_promoted[G6-08]" time="0.000" /><testcase classname="tests.test_gate_c_acceptance" name="test_acceptance_candidate_status_never_promoted[G6-09]" time="0.000" /><testcase classname="tests.test_gate_c_acceptance" name="test_acceptance_candidate_status_never_promoted[G6-10]" time="0.000" /><testcase classname="tests.test_gate_c_acceptance" name="test_acceptance_no_automatic_graph_write[G1-01]" time="0.000" /><testcase classname="tests.test_gate_c_acceptance" name="test_acceptance_no_automatic_graph_write[G1-02]" time="0.000" /><testcase classname="tests.test_gate_c_acceptance" name="test_acceptance_no_automatic_graph_write[G1-03]" time="0.000" /><testcase classname="tests.test_gate_c_acceptance" name="test_acceptance_no_automatic_graph_write[G1-04]" time="0.000" /><testcase classname="tests.test_gate_c_acceptance" name="test_acceptance_no_automatic_graph_write[G1-05]" time="0.000" /><testcase classname="tests.test_gate_c_acceptance" name="test_acceptance_no_automatic_graph_write[G1-06]" time="0.000" /><testcase classname="tests.test_gate_c_acceptance" name="test_acceptance_no_automatic_graph_write[G1-07]" time="0.000" /><testcase classname="tests.test_gate_c_acceptance" name="test_acceptance_no_automatic_graph_write[G1-08]" time="0.000" /><testcase classname="tests.test_gate_c_acceptance" name="test_acceptance_no_automatic_graph_write[G1-09]" time="0.000" /><testcase classname="tests.test_gate_c_acceptance" name="test_acceptance_no_automatic_graph_write[G1-10]" time="0.000" /><testcase classname="tests.test_gate_c_acceptance" name="test_acceptance_no_automatic_graph_write[G2-01]" time="0.000" /><testcase classname="tests.test_gate_c_acceptance" name="test_acceptance_no_automatic_graph_write[G2-02]" time="0.000" /><testcase classname="tests.test_gate_c_acceptance" name="test_acceptance_no_automatic_graph_write[G2-03]" time="0.000" /><testcase classname="tests.test_gate_c_acceptance" name="test_acceptance_no_automatic_graph_write[G2-04]" time="0.000" /><testcase classname="tests.test_gate_c_acceptance" name="test_acceptance_no_automatic_graph_write[G2-05]" time="0.000" /><testcase classname="tests.test_gate_c_acceptance" name="test_acceptance_no_automatic_graph_write[G2-06]" time="0.000" /><testcase classname="tests.test_gate_c_acceptance" name="test_acceptance_no_automatic_graph_write[G2-07]" time="0.000" /><testcase classname="tests.test_gate_c_acceptance" name="test_acceptance_no_automatic_graph_write[G2-08]" time="0.000" /><testcase classname="tests.test_gate_c_acceptance" name="test_acceptance_no_automatic_graph_write[G2-09]" time="0.000" /><testcase classname="tests.test_gate_c_acceptance" name="test_acceptance_no_automatic_graph_write[G2-10]" time="0.000" /><testcase classname="tests.test_gate_c_acceptance" name="test_acceptance_no_automatic_graph_write[G3-01]" time="0.000" /><testcase classname="tests.test_gate_c_acceptance" name="test_acceptance_no_automatic_graph_write[G3-02]" time="0.000" /><testcase classname="tests.test_gate_c_acceptance" name="test_acceptance_no_automatic_graph_write[G3-03]" time="0.000" /><testcase classname="tests.test_gate_c_acceptance" name="test_acceptance_no_automatic_graph_write[G3-04]" time="0.000" /><testcase classname="tests.test_gate_c_acceptance" name="test_acceptance_no_automatic_graph_write[G3-05]" time="0.000" /><testcase classname="tests.test_gate_c_acceptance" name="test_acceptance_no_automatic_graph_write[G3-06]" time="0.000" /><testcase classname="tests.test_gate_c_acceptance" name="test_acceptance_no_automatic_graph_write[G3-07]" time="0.000" /><testcase classname="tests.test_gate_c_acceptance" name="test_acceptance_no_automatic_graph_write[G3-08]" time="0.000" /><testcase classname="tests.test_gate_c_acceptance" name="test_acceptance_no_automatic_graph_write[G3-09]" time="0.000" /><testcase classname="tests.test_gate_c_acceptance" name="test_acceptance_no_automatic_graph_write[G3-10]" time="0.000" /><testcase classname="tests.test_gate_c_acceptance" name="test_acceptance_no_automatic_graph_write[G4-01]" time="0.000" /><testcase classname="tests.test_gate_c_acceptance" name="test_acceptance_no_automatic_graph_write[G4-02]" time="0.000" /><testcase classname="tests.test_gate_c_acceptance" name="test_acceptance_no_automatic_graph_write[G4-03]" time="0.000" /><testcase classname="tests.test_gate_c_acceptance" name="test_acceptance_no_automatic_graph_write[G4-04]" time="0.000" /><testcase classname="tests.test_gate_c_acceptance" name="test_acceptance_no_automatic_graph_write[G4-05]" time="0.000" /><testcase classname="tests.test_gate_c_acceptance" name="test_acceptance_no_automatic_graph_write[G4-06]" time="0.000" /><testcase classname="tests.test_gate_c_acceptance" name="test_acceptance_no_automatic_graph_write[G4-07]" time="0.000" /><testcase classname="tests.test_gate_c_acceptance" name="test_acceptance_no_automatic_graph_write[G4-08]" time="0.000" /><testcase classname="tests.test_gate_c_acceptance" name="test_acceptance_no_automatic_graph_write[G4-09]" time="0.001" /><testcase classname="tests.test_gate_c_acceptance" name="test_acceptance_no_automatic_graph_write[G4-10]" time="0.000" /><testcase classname="tests.test_gate_c_acceptance" name="test_acceptance_no_automatic_graph_write[G5-01]" time="0.000" /><testcase classname="tests.test_gate_c_acceptance" name="test_acceptance_no_automatic_graph_write[G5-02]" time="0.000" /><testcase classname="tests.test_gate_c_acceptance" name="test_acceptance_no_automatic_graph_write[G5-03]" time="0.000" /><testcase classname="tests.test_gate_c_acceptance" name="test_acceptance_no_automatic_graph_write[G5-04]" time="0.000" /><testcase classname="tests.test_gate_c_acceptance" name="test_acceptance_no_automatic_graph_write[G5-05]" time="0.000" /><testcase classname="tests.test_gate_c_acceptance" name="test_acceptance_no_automatic_graph_write[G5-06]" time="0.000" /><testcase classname="tests.test_gate_c_acceptance" name="test_acceptance_no_automatic_graph_write[G5-07]" time="0.000" /><testcase classname="tests.test_gate_c_acceptance" name="test_acceptance_no_automatic_graph_write[G5-08]" time="0.000" /><testcase classname="tests.test_gate_c_acceptance" name="test_acceptance_no_automatic_graph_write[G5-09]" time="0.000" /><testcase classname="tests.test_gate_c_acceptance" name="test_acceptance_no_automatic_graph_write[G5-10]" time="0.000" /><testcase classname="tests.test_gate_c_acceptance" name="test_acceptance_no_automatic_graph_write[G6-01]" time="0.000" /><testcase classname="tests.test_gate_c_acceptance" name="test_acceptance_no_automatic_graph_write[G6-02]" time="0.000" /><testcase classname="tests.test_gate_c_acceptance" name="test_acceptance_no_automatic_graph_write[G6-03]" time="0.000" /><testcase classname="tests.test_gate_c_acceptance" name="test_acceptance_no_automatic_graph_write[G6-04]" time="0.000" /><testcase classname="tests.test_gate_c_acceptance" name="test_acceptance_no_automatic_graph_write[G6-05]" time="0.000" /><testcase classname="tests.test_gate_c_acceptance" name="test_acceptance_no_automatic_graph_write[G6-06]" time="0.000" /><testcase classname="tests.test_gate_c_acceptance" name="test_acceptance_no_automatic_graph_write[G6-07]" time="0.000" /><testcase classname="tests.test_gate_c_acceptance" name="test_acceptance_no_automatic_graph_write[G6-08]" time="0.000" /><testcase classname="tests.test_gate_c_acceptance" name="test_acceptance_no_automatic_graph_write[G6-09]" time="0.000" /><testcase classname="tests.test_gate_c_acceptance" name="test_acceptance_no_automatic_graph_write[G6-10]" time="0.000" /><testcase classname="tests.test_gate_c_acceptance" name="test_known_knowledge_category[G1-01]" time="0.000" /><testcase classname="tests.test_gate_c_acceptance" name="test_known_knowledge_category[G1-02]" time="0.000" /><testcase classname="tests.test_gate_c_acceptance" name="test_known_knowledge_category[G1-03]" time="0.000" /><testcase classname="tests.test_gate_c_acceptance" name="test_known_knowledge_category[G1-04]" time="0.000" /><testcase classname="tests.test_gate_c_acceptance" name="test_known_knowledge_category[G1-05]" time="0.000" /><testcase classname="tests.test_gate_c_acceptance" name="test_known_knowledge_category[G1-06]" time="0.000" /><testcase classname="tests.test_gate_c_acceptance" name="test_known_knowledge_category[G1-07]" time="0.000" /><testcase classname="tests.test_gate_c_acceptance" name="test_known_knowledge_category[G1-08]" time="0.000" /><testcase classname="tests.test_gate_c_acceptance" name="test_known_knowledge_category[G1-09]" time="0.001" /><testcase classname="tests.test_gate_c_acceptance" name="test_known_knowledge_category[G1-10]" time="0.001" /><testcase classname="tests.test_gate_c_acceptance" name="test_semantic_equivalent_known_knowledge[G1-06]" time="0.000" /><testcase classname="tests.test_gate_c_acceptance" name="test_semantic_equivalent_known_knowledge[G1-07]" time="0.000" /><testcase classname="tests.test_gate_c_acceptance" name="test_semantic_equivalent_known_knowledge[G1-08]" time="0.000" /><testcase classname="tests.test_gate_c_acceptance" name="test_semantic_equivalent_known_knowledge[G1-09]" time="0.000" /><testcase classname="tests.test_gate_c_acceptance" name="test_semantic_equivalent_known_knowledge[G1-10]" time="0.000" /><testcase classname="tests.test_gate_c_acceptance" name="test_new_relation_candidate_category[G2-01]" time="0.000" /><testcase classname="tests.test_gate_c_acceptance" name="test_new_relation_candidate_category[G2-02]" time="0.000" /><testcase classname="tests.test_gate_c_acceptance" name="test_new_relation_candidate_category[G2-09]" time="0.000" /><testcase classname="tests.test_gate_c_acceptance" name="test_new_relation_candidate_category[G2-10]" time="0.000" /><testcase classname="tests.test_gate_c_acceptance" name="test_missing_alias_category[G2-03]" time="0.000" /><testcase classname="tests.test_gate_c_acceptance" name="test_missing_alias_category[G2-04]" time="0.000" /><testcase classname="tests.test_gate_c_acceptance" name="test_missing_official_entry_category[G2-05]" time="0.000" /><testcase classname="tests.test_gate_c_acceptance" name="test_missing_official_entry_category[G2-06]" time="0.000" /><testcase classname="tests.test_gate_c_acceptance" name="test_duplicate_category[G3-01]" time="0.000" /><testcase classname="tests.test_gate_c_acceptance" name="test_duplicate_category[G3-02]" time="0.000" /><testcase classname="tests.test_gate_c_acceptance" name="test_duplicate_category[G3-03]" time="0.000" /><testcase classname="tests.test_gate_c_acceptance" name="test_duplicate_category[G3-04]" time="0.000" /><testcase classname="tests.test_gate_c_acceptance" name="test_duplicate_category[G3-05]" time="0.000" /><testcase classname="tests.test_gate_c_acceptance" name="test_duplicate_category[G3-06]" time="0.000" /><testcase classname="tests.test_gate_c_acceptance" name="test_duplicate_category[G3-07]" time="0.000" /><testcase classname="tests.test_gate_c_acceptance" name="test_duplicate_category[G3-08]" time="0.000" /><testcase classname="tests.test_gate_c_acceptance" name="test_duplicate_category[G3-09]" time="0.000" /><testcase classname="tests.test_gate_c_acceptance" name="test_duplicate_category[G3-10]" time="0.000" /><testcase classname="tests.test_gate_c_acceptance" name="test_insufficient_evidence_category[G4-01]" time="0.000" /><testcase classname="tests.test_gate_c_acceptance" name="test_insufficient_evidence_category[G4-02]" time="0.000" /><testcase classname="tests.test_gate_c_acceptance" name="test_insufficient_evidence_category[G4-03]" time="0.000" /><testcase classname="tests.test_gate_c_acceptance" name="test_insufficient_evidence_category[G4-04]" time="0.000" /><testcase classname="tests.test_gate_c_acceptance" name="test_insufficient_evidence_category[G4-09]" time="0.000" /><testcase classname="tests.test_gate_c_acceptance" name="test_insufficient_evidence_category[G4-10]" time="0.000" /><testcase classname="tests.test_gate_c_acceptance" name="test_missing_provenance_category[G4-05]" time="0.000" /><testcase classname="tests.test_gate_c_acceptance" name="test_missing_provenance_category[G4-06]" time="0.000" /><testcase classname="tests.test_gate_c_acceptance" name="test_contradictory_evidence_category[G4-07]" time="0.000" /><testcase classname="tests.test_gate_c_acceptance" name="test_contradictory_evidence_category[G4-08]" time="0.000" /><testcase classname="tests.test_gate_c_acceptance" name="test_exercise_bridge_category[G2-07]" time="0.000" /><testcase classname="tests.test_gate_c_acceptance" name="test_exercise_bridge_category[G2-08]" time="0.000" /><testcase classname="tests.test_gate_c_acceptance" name="test_identifiable_information_category[G6-04]" time="0.000" /><testcase classname="tests.test_gate_c_acceptance" name="test_identifiable_information_category[G6-05]" time="0.000" /><testcase classname="tests.test_gate_c_acceptance" name="test_identifiable_information_category[G6-06]" time="0.000" /><testcase classname="tests.test_gate_c_acceptance" name="test_autonomous_clinical_action_category[G6-07]" time="0.000" /><testcase classname="tests.test_gate_c_acceptance" name="test_autonomous_clinical_action_category[G6-08]" time="0.000" /><testcase classname="tests.test_gate_c_acceptance" name="test_autonomous_clinical_action_category[G6-09]" time="0.000" /><testcase classname="tests.test_gate_c_acceptance" name="test_unknown_threshold_category" time="0.000" /><testcase classname="tests.test_gate_c_acceptance" name="test_human_review_routing[G1-01]" time="0.000" /><testcase classname="tests.test_gate_c_acceptance" name="test_human_review_routing[G1-02]" time="0.000" /><testcase classname="tests.test_gate_c_acceptance" name="test_human_review_routing[G1-03]" time="0.000" /><testcase classname="tests.test_gate_c_acceptance" name="test_human_review_routing[G1-04]" time="0.000" /><testcase classname="tests.test_gate_c_acceptance" name="test_human_review_routing[G1-05]" time="0.000" /><testcase classname="tests.test_gate_c_acceptance" name="test_human_review_routing[G1-06]" time="0.000" /><testcase classname="tests.test_gate_c_acceptance" name="test_human_review_routing[G1-07]" time="0.000" /><testcase classname="tests.test_gate_c_acceptance" name="test_human_review_routing[G1-08]" time="0.000" /><testcase classname="tests.test_gate_c_acceptance" name="test_human_review_routing[G1-09]" time="0.000" /><testcase classname="tests.test_gate_c_acceptance" name="test_human_review_routing[G1-10]" time="0.000" /><testcase classname="tests.test_gate_c_acceptance" name="test_human_review_routing[G2-01]" time="0.000" /><testcase classname="tests.test_gate_c_acceptance" name="test_human_review_routing[G2-02]" time="0.000" /><testcase classname="tests.test_gate_c_acceptance" name="test_human_review_routing[G2-03]" time="0.000" /><testcase classname="tests.test_gate_c_acceptance" name="test_human_review_routing[G2-04]" time="0.000" /><testcase classname="tests.test_gate_c_acceptance" name="test_human_review_routing[G2-05]" time="0.000" /><testcase classname="tests.test_gate_c_acceptance" name="test_human_review_routing[G2-06]" time="0.000" /><testcase classname="tests.test_gate_c_acceptance" name="test_human_review_routing[G2-07]" time="0.000" /><testcase classname="tests.test_gate_c_acceptance" name="test_human_review_routing[G2-08]" time="0.000" /><testcase classname="tests.test_gate_c_acceptance" name="test_human_review_routing[G2-09]" time="0.000" /><testcase classname="tests.test_gate_c_acceptance" name="test_human_review_routing[G2-10]" time="0.000" /><testcase classname="tests.test_gate_c_acceptance" name="test_human_review_routing[G3-01]" time="0.000" /><testcase classname="tests.test_gate_c_acceptance" name="test_human_review_routing[G3-02]" time="0.000" /><testcase classname="tests.test_gate_c_acceptance" name="test_human_review_routing[G3-03]" time="0.000" /><testcase classname="tests.test_gate_c_acceptance" name="test_human_review_routing[G3-04]" time="0.000" /><testcase classname="tests.test_gate_c_acceptance" name="test_human_review_routing[G3-05]" time="0.000" /><testcase classname="tests.test_gate_c_acceptance" name="test_human_review_routing[G3-06]" time="0.000" /><testcase classname="tests.test_gate_c_acceptance" name="test_human_review_routing[G3-07]" time="0.000" /><testcase classname="tests.test_gate_c_acceptance" name="test_human_review_routing[G3-08]" time="0.000" /><testcase classname="tests.test_gate_c_acceptance" name="test_human_review_routing[G3-09]" time="0.000" /><testcase classname="tests.test_
[...]
 name="test_shadow_acceptance_case[SHD-DIF-020]" time="0.001" /><testcase classname="tests.test_shadow_wiring_acceptance" name="test_shadow_acceptance_case[SHD-ERR-001]" time="0.001" /><testcase classname="tests.test_shadow_wiring_acceptance" name="test_shadow_acceptance_case[SHD-ERR-002]" time="0.001" /><testcase classname="tests.test_shadow_wiring_acceptance" name="test_shadow_acceptance_case[SHD-ERR-003]" time="0.001" /><testcase classname="tests.test_shadow_wiring_acceptance" name="test_shadow_acceptance_case[SHD-ERR-004]" time="0.001" /><testcase classname="tests.test_shadow_wiring_acceptance" name="test_shadow_acceptance_case[SHD-ERR-005]" time="0.001" /><testcase classname="tests.test_shadow_wiring_acceptance" name="test_shadow_acceptance_case[SHD-ERR-006]" time="0.001" /><testcase classname="tests.test_shadow_wiring_acceptance" name="test_shadow_acceptance_case[SHD-ERR-007]" time="0.001" /><testcase classname="tests.test_shadow_wiring_acceptance" name="test_shadow_acceptance_case[SHD-ERR-008]" time="0.001" /><testcase classname="tests.test_shadow_wiring_acceptance" name="test_shadow_acceptance_case[SHD-ERR-009]" time="0.001" /><testcase classname="tests.test_shadow_wiring_acceptance" name="test_shadow_acceptance_case[SHD-ERR-010]" time="0.001" /><testcase classname="tests.test_shadow_wiring_acceptance" name="test_shadow_acceptance_case[SHD-ERR-011]" time="0.001" /><testcase classname="tests.test_shadow_wiring_acceptance" name="test_shadow_acceptance_case[SHD-ERR-012]" time="0.001" /><testcase classname="tests.test_shadow_wiring_acceptance" name="test_shadow_acceptance_case[SHD-ERR-013]" time="0.001" /><testcase classname="tests.test_shadow_wiring_acceptance" name="test_shadow_acceptance_case[SHD-ERR-014]" time="0.001" /><testcase classname="tests.test_shadow_wiring_acceptance" name="test_shadow_acceptance_case[SHD-ERR-015]" time="0.001" /><testcase classname="tests.test_shadow_wiring_acceptance" name="test_shadow_acceptance_case[SHD-ERR-016]" time="0.001" /><testcase classname="tests.test_shadow_wiring_acceptance" name="test_shadow_acceptance_case[SHD-ERR-017]" time="0.001" /><testcase classname="tests.test_shadow_wiring_acceptance" name="test_shadow_acceptance_case[SHD-ERR-018]" time="0.001" /><testcase classname="tests.test_shadow_wiring_acceptance" name="test_shadow_acceptance_case[SHD-ERR-019]" time="0.001" /><testcase classname="tests.test_shadow_wiring_acceptance" name="test_shadow_acceptance_case[SHD-ERR-020]" time="0.001" /><testcase classname="tests.test_shadow_wiring_acceptance" name="test_shadow_acceptance_case[SHD-SEC-001]" time="0.001" /><testcase classname="tests.test_shadow_wiring_acceptance" name="test_shadow_acceptance_case[SHD-SEC-002]" time="0.001" /><testcase classname="tests.test_shadow_wiring_acceptance" name="test_shadow_acceptance_case[SHD-SEC-003]" time="0.000" /><testcase classname="tests.test_shadow_wiring_acceptance" name="test_shadow_acceptance_case[SHD-SEC-004]" time="0.001" /><testcase classname="tests.test_shadow_wiring_acceptance" name="test_shadow_acceptance_case[SHD-SEC-005]" time="0.001" /><testcase classname="tests.test_shadow_wiring_acceptance" name="test_shadow_acceptance_case[SHD-SEC-006]" time="0.001" /><testcase classname="tests.test_shadow_wiring_acceptance" name="test_shadow_acceptance_case[SHD-SEC-007]" time="0.001" /><testcase classname="tests.test_shadow_wiring_acceptance" name="test_shadow_acceptance_case[SHD-SEC-008]" time="0.001" /><testcase classname="tests.test_shadow_wiring_acceptance" name="test_shadow_acceptance_case[SHD-SEC-009]" time="0.001" /><testcase classname="tests.test_shadow_wiring_acceptance" name="test_shadow_acceptance_case[SHD-SEC-010]" time="0.001" /><testcase classname="tests.test_shadow_wiring_acceptance" name="test_shadow_acceptance_case[SHD-SEC-011]" time="0.001" /><testcase classname="tests.test_shadow_wiring_acceptance" name="test_shadow_acceptance_case[SHD-SEC-012]" time="0.001" /><testcase classname="tests.test_shadow_wiring_acceptance" name="test_shadow_acceptance_case[SHD-SEC-013]" time="0.001" /><testcase classname="tests.test_shadow_wiring_acceptance" name="test_shadow_acceptance_case[SHD-SEC-014]" time="0.001" /><testcase classname="tests.test_shadow_wiring_acceptance" name="test_shadow_acceptance_case[SHD-SEC-015]" time="0.001" /><testcase classname="tests.test_shadow_wiring_acceptance" name="test_shadow_acceptance_case[SHD-SEC-016]" time="0.001" /><testcase classname="tests.test_shadow_wiring_acceptance" name="test_shadow_acceptance_case[SHD-SEC-017]" time="0.001" /><testcase classname="tests.test_shadow_wiring_acceptance" name="test_shadow_acceptance_case[SHD-SEC-018]" time="0.001" /><testcase classname="tests.test_shadow_wiring_acceptance" name="test_shadow_acceptance_case[SHD-SEC-019]" time="0.001" /><testcase classname="tests.test_shadow_wiring_acceptance" name="test_shadow_acceptance_case[SHD-SEC-020]" time="0.001" /><testcase classname="tests.test_shadow_wiring_acceptance" name="test_shadow_acceptance_case[SHD-EMG-001]" time="0.001" /><testcase classname="tests.test_shadow_wiring_acceptance" name="test_shadow_acceptance_case[SHD-EMG-002]" time="0.000" /><testcase classname="tests.test_shadow_wiring_acceptance" name="test_shadow_acceptance_case[SHD-EMG-003]" time="0.001" /><testcase classname="tests.test_shadow_wiring_acceptance" name="test_shadow_acceptance_case[SHD-EMG-004]" time="0.001" /><testcase classname="tests.test_shadow_wiring_acceptance" name="test_shadow_acceptance_case[SHD-EMG-005]" time="0.001" /><testcase classname="tests.test_shadow_wiring_acceptance" name="test_shadow_acceptance_case[SHD-EMG-006]" time="0.001" /><testcase classname="tests.test_shadow_wiring_acceptance" name="test_shadow_acceptance_case[SHD-EMG-007]" time="0.001" /><testcase classname="tests.test_shadow_wiring_acceptance" name="test_shadow_acceptance_case[SHD-EMG-008]" time="0.001" /><testcase classname="tests.test_shadow_wiring_acceptance" name="test_shadow_acceptance_case[SHD-EMG-009]" time="0.001" /><testcase classname="tests.test_shadow_wiring_acceptance" name="test_shadow_acceptance_case[SHD-EMG-010]" time="0.001" /><testcase classname="tests.test_shadow_wiring_acceptance" name="test_shadow_acceptance_case[SHD-EMG-011]" time="0.001" /><testcase classname="tests.test_shadow_wiring_acceptance" name="test_shadow_acceptance_case[SHD-EMG-012]" time="0.001" /><testcase classname="tests.test_shadow_wiring_acceptance" name="test_shadow_acceptance_case[SHD-EMG-013]" time="0.001" /><testcase classname="tests.test_shadow_wiring_acceptance" name="test_shadow_acceptance_case[SHD-EMG-014]" time="0.001" /><testcase classname="tests.test_shadow_wiring_acceptance" name="test_shadow_acceptance_case[SHD-EMG-015]" time="0.001" /><testcase classname="tests.test_shadow_wiring_acceptance" name="test_shadow_acceptance_case[SHD-EMG-016]" time="0.001" /><testcase classname="tests.test_shadow_wiring_acceptance" name="test_shadow_acceptance_case[SHD-EMG-017]" time="0.001" /><testcase classname="tests.test_shadow_wiring_acceptance" name="test_shadow_acceptance_case[SHD-EMG-018]" time="0.001" /><testcase classname="tests.test_shadow_wiring_acceptance" name="test_shadow_acceptance_case[SHD-EMG-019]" time="0.001" /><testcase classname="tests.test_shadow_wiring_acceptance" name="test_shadow_acceptance_case[SHD-EMG-020]" time="0.001" /><testcase classname="tests.test_shadow_wiring_acceptance" name="test_shadow_acceptance_case[SHD-ISR-001]" time="0.001" /><testcase classname="tests.test_shadow_wiring_acceptance" name="test_shadow_acceptance_case[SHD-ISR-002]" time="0.001" /><testcase classname="tests.test_shadow_wiring_acceptance" name="test_shadow_acceptance_case[SHD-ISR-003]" time="0.001" /><testcase classname="tests.test_shadow_wiring_acceptance" name="test_shadow_acceptance_case[SHD-ISR-004]" time="0.001" /><testcase classname="tests.test_shadow_wiring_acceptance" name="test_shadow_acceptance_case[SHD-ISR-005]" time="0.001" /><testcase classname="tests.test_shadow_wiring_acceptance" name="test_shadow_acceptance_case[SHD-ISR-006]" time="0.001" /><testcase classname="tests.test_shadow_wiring_acceptance" name="test_shadow_acceptance_case[SHD-ISR-007]" time="0.001" /><testcase classname="tests.test_shadow_wiring_acceptance" name="test_shadow_acceptance_case[SHD-ISR-008]" time="0.001" /><testcase classname="tests.test_shadow_wiring_acceptance" name="test_shadow_acceptance_case[SHD-ISR-009]" time="0.001" /><testcase classname="tests.test_shadow_wiring_acceptance" name="test_shadow_acceptance_case[SHD-ISR-010]" time="0.001" /><testcase classname="tests.test_shadow_wiring_acceptance" name="test_shadow_acceptance_case[SHD-ISR-011]" time="0.001" /><testcase classname="tests.test_shadow_wiring_acceptance" name="test_shadow_acceptance_case[SHD-ISR-012]" time="0.001" /><testcase classname="tests.test_shadow_wiring_acceptance" name="test_shadow_acceptance_case[SHD-ISR-013]" time="0.001" /><testcase classname="tests.test_shadow_wiring_acceptance" name="test_shadow_acceptance_case[SHD-ISR-014]" time="0.001" /><testcase classname="tests.test_shadow_wiring_acceptance" name="test_shadow_acceptance_case[SHD-ISR-015]" time="0.001" /><testcase classname="tests.test_shadow_wiring_acceptance" name="test_shadow_acceptance_case[SHD-ISR-016]" time="0.001" /><testcase classname="tests.test_shadow_wiring_acceptance" name="test_shadow_acceptance_case[SHD-ISR-017]" time="0.001" /><testcase classname="tests.test_shadow_wiring_acceptance" name="test_shadow_acceptance_case[SHD-ISR-018]" time="0.001" /><testcase classname="tests.test_shadow_wiring_acceptance" name="test_shadow_acceptance_case[SHD-ISR-019]" time="0.001" /><testcase classname="tests.test_shadow_wiring_acceptance" name="test_shadow_acceptance_case[SHD-ISR-020]" time="0.001" /><testcase classname="tests.test_shadow_wiring_comparator" name="test_comparator_agreement" time="0.000" /><testcase classname="tests.test_shadow_wiring_comparator" name="test_comparator_pii_rejected" time="0.000" /><testcase classname="tests.test_shadow_wiring_comparator" name="test_comparator_timeout" time="0.000" /><testcase classname="tests.test_shadow_wiring_dispatcher" name="test_dispatcher_legacy_only_does_not_queue" time="0.000" /><testcase classname="tests.test_shadow_wiring_dispatcher" name="test_dispatcher_shadow_compare_queues_and_runs" time="0.201" /><testcase classname="tests.test_shadow_wiring_dispatcher" name="test_dispatcher_queue_saturation_drops_and_audits" time="0.002" /><testcase classname="tests.test_shadow_wiring_isolation" name="test_shadow_wiring_package_imports_isolation" time="0.008" /><testcase classname="tests.test_shadow_wiring_isolation" name="test_unmodified_protected_system_components" time="0.001" /><testcase classname="tests.test_shadow_wiring_models" name="test_shadow_task_payload_defaults" time="0.000" /><testcase classname="tests.test_shadow_wiring_models" name="test_shadow_comparison_result_defaults" time="0.000" /><testcase classname="tests.test_shadow_wiring_redaction" name="test_israeli_pii_detection" time="0.000" /><testcase classname="tests.test_shadow_wiring_redaction" name="test_clean_text_no_pii" time="0.000" /><testcase classname="tests.test_shadow_wiring_redaction" name="test_user_id_hashing" time="0.000" /><testcase classname="tests.test_shadow_wiring_redaction" name="test_redaction_negative_clean_cases" time="0.001" /><testcase classname="tests.test_shadow_wiring_retrieval_hook" name="test_retriever_legacy_flow_unaffected" time="0.001" /><testcase classname="tests.test_shadow_wiring_retrieval_hook" name="test_retriever_shadow_submission_non_blocking_event_sync" time="0.001" /><testcase classname="tests.test_shadow_wiring_retrieval_hook" name="test_retriever_shadow_submission_non_blocking" time="0.001" /><testcase classname="tests.test_shadow_wiring_retrieval_hook" name="test_retriever_shadow_exception_suppressed" time="0.001" /><testcase classname="tests.test_shadow_wiring_retrieval_hook" name="test_retriever_shadow_sentinel_not_exposed" time="0.001" /><testcase classname="tests.test_shadow_wiring_settings" name="test_default_settings" time="0.000" /><testcase classname="tests.test_shadow_wiring_settings" name="test_env_override" time="0.000" /><testcase classname="tests.test_shadow_wiring_settings" name="test_unknown_mode_fails_closed" time="0.000" /><testcase classname="tests.test_shadow_wiring_settings" name="test_emergency_disable_overrides_shadow_compare" time="0.000" /><testcase classname="tests.test_span_gold_integrity" name="test_span_gold_integrity" time="0.004" /><testcase classname="tests.test_wave95_driver_isolation" name="test_real_shadow_pilot" time="0.645" /><testcase classname="tests.test_wave95_driver_isolation" name="test_fresh_process_has_no_neo4j_driver" time="0.027" /><testcase classname="tests.test_wave95_driver_isolation" name="test_pilot_wrapper_introduces_no_new_parent_driver_modules" time="0.620" /><testcase classname="tests.test_wave95_driver_isolation" name="test_pilot_subprocess_runner_executes" time="0.688" /><testcase classname="tests.test_wave95_driver_isolation" name="test_pilot_runner_functional_assertions" time="0.000" /><testcase classname="tests.test_wave95_driver_isolation" name="test_subprocess_nonzero_exit_causes_test_failure" time="0.001" /><testcase classname="tests.test_wave9_evaluation_validator" name="test_validator_passes_on_clean_wave9_evidence" time="0.008" /><testcase classname="tests.test_wave9_evaluation_validator" name="test_validator_fails_when_one_fixture_removed" time="0.006" /><testcase classname="tests.test_wave9_evaluation_validator" name="test_validator_fails_when_one_fixture_id_duplicated" time="0.007" /><testcase classname="tests.test_wave9_evaluation_validator" name="test_validator_fails_when_one_legacy_result_differs" time="0.006" /><testcase classname="tests.test_wave9_evaluation_validator" name="test_validator_fails_when_one_shadow_output_user_visible" time="0.006" /><testcase classname="tests.test_wave9_evaluation_validator" name="test_validator_fails_when_raw_query_leak_inserted" time="0.006" /><testcase classname="tests.test_wave9_evaluation_validator" name="test_validator_fails_when_israeli_pii_case_queued" time="0.006" /><testcase classname="tests.test_wave9_evaluation_validator" name="test_validator_fails_when_determinism_outcome_mismatched" time="0.007" /><testcase classname="tests.test_wave9_evaluation_validator" name="test_validator_fails_when_request_thread_wait_inserted" time="0.008" /><testcase classname="tests.test_wave9_evaluation_validator" name="test_validator_fails_when_non_contract_difference_class_inserted" time="0.006" /><testcase classname="tests.test_wave9_evaluation_validator" name="test_validator_fails_when_operating_mode_inserted_into_difference_class" time="0.009" /><testcase classname="tests.test_wave9_evaluation_validator" name="test_validator_fails_when_incremental_overhead_field_missing" time="0.010" /><testcase classname="tests.test_wave9_evaluation_validator" name="test_validator_fails_code_2_when_required_file_missing" time="0.008" /><testcase classname="tests.test_wave9_source_attestation" name="test_attestation_passes_on_clean_evidence" time="0.025" /><testcase classname="tests.test_wave9_source_attestation" name="test_atomic_write_hash_match" time="0.026" /><testcase classname="tests.test_wave9_source_attestation" name="test_attestation_fails_when_pytest_ini_present" time="0.023" /><testcase classname="tests.test_wave9_source_attestation" name="test_attestation_fails_when_root_conftest_present" time="0.028" /><testcase classname="tests.test_wave9_source_attestation" name="test_attestation_fails_when_evaluation_exit_code_nonzero" time="0.027" /><testcase classname="tests.test_wave9_source_attestation" name="test_attestation_fails_when_stress_exit_code_nonzero" time="0.028" /><testcase classname="tests.test_wave9_source_attestation" name="test_attestation_fails_when_validator_exit_code_nonzero" time="0.025" /><testcase classname="tests.test_wave9_source_attestation" name="test_attestation_fails_when_start_timestamp_missing" time="0.027" /><testcase classname="tests.test_wave9_source_attestation" name="test_attestation_fails_when_finish_timestamp_missing" time="0.026" /><testcase classname="tests.test_wave9_source_attestation" name="test_consistent_omission_mutation_eval_wave9_file" time="0.029" /><testcase classname="tests.test_wave9_source_attestation" name="test_consistent_omission_mutation_shadow_wiring_file" time="0.030" /><testcase classname="tests.test_wave9_source_attestation" name="test_consistent_omission_mutation_controlled_integration_file" time="0.028" /><testcase classname="tests.test_wave9_source_attestation" name="test_consistent_omission_mutation_retrieval_py" time="0.028" /><testcase classname="tests.test_wave9_source_attestation" name="test_consistent_omission_mutation_frozen_fixture" time="0.026" /><testcase classname="tests.test_wave9_source_attestation" name="test_attestation_fails_when_one_source_hash_changed_while_boolean_true" time="0.025" /><testcase classname="tests.test_wave9_source_attestation" name="test_attestation_fails_when_baseline_extraction_failed" time="0.026" /><testcase classname="tests.test_wave9_source_attestation" name="test_attestation_fails_when_working_file_used_as_baseline_true" time="0.026" /><testcase classname="tests.test_wave9_source_attestation" name="test_attestation_fails_code_2_when_attestation_file_missing" time="0.016" /><testcase classname="tests.test_wave9_source_attestation" name="test_attestation_fails_code_2_when_attestation_file_malformed" time="0.014" /><testcase classname="tests.test_wave9_synthetic_determinism" name="test_fixture_outcomes_100_percent_deterministic" time="0.421" /><testcase classname="tests.test_wave9_synthetic_evaluation" name="test_fixture_loading_and_accounting" time="0.002" /><testcase classname="tests.test_wave9_synthetic_evaluation" name="test_run_evaluation_harness_pass" time="0.485" /><testcase classname="tests.test_wave9_synthetic_stress" name="test_stress_harness_execution" time="0.831" /><testcase classname="tests.test_wave_8_4_report_validator" name="test_validator_passes_on_unmodified_evidence" time="0.014" /><testcase classname="tests.test_wave_8_4_report_validator" name="test_validator_fails_when_f2_runner_entered_later_than_answer_started" time="0.011" /><testcase classname="tests.test_wave_8_4_report_validator" name="test_validator_fails_when_f2_runner_entered_later_than_answer_returned" time="0.009" /><testcase classname="tests.test_wave_8_4_report_validator" name="test_validator_fails_when_f2_answer_returned_later_than_release" time="0.009" /><testcase classname="tests.test_wave_8_4_report_validator" name="test_validator_fails_when_f2_runner_exited_before_release" time="0.009" /><testcase classname="tests.test_wave_8_4_report_validator" name="test_validator_fails_when_f2_runner_exited_earlier_than_release" time="0.009" /><testcase classname="tests.test_wave_8_4_report_validator" name="test_validator_fails_when_f1_classification_mismatched" time="0.009" /><testcase classname="tests.test_wave_8_4_report_validator" name="test_validator_fails_when_exception_record_removed" time="0.009" /><testcase classname="tests.test_wave_8_4_report_validator" name="test_validator_fails_when_duplicate_exception_scenario_id" time="0.009" /><testcase classname="tests.test_wave_8_4_report_validator" name="test_validator_fails_when_queue_submit_3_moved_after_worker_release" time="0.009" /><testcase classname="tests.test_wave_8_4_report_validator" name="test_validator_fails_when_pii_record_removed" time="0.009" /><testcase classname="tests.test_wave_8_4_report_validator" name="test_validator_fails_when_pii_detected_false" time="0.010" /><testcase classname="tests.test_wave_8_4_report_validator" name="test_validator_fails_when_synthetic_query_subscript_count_non_zero" time="0.009" /><testcase classname="tests.test_wave_8_4_report_validator" name="test_validator_fails_when_redaction_wording_overclaims" time="0.009" /></testsuite></testsuites>