============================= test session starts =============================
platform win32 -- Python 3.11.0, pytest-7.4.0, pluggy-1.2.0
rootdir: C:\Avihusitton\clinical_ai
collected 635 items

tests/test_gate_c_models.py::TestEvidenceItem::test_fields_stored_correctly PASSED [  0%]
tests/test_gate_c_models.py::TestEvidenceItem::test_zero_confidence_allowed PASSED [  0%]
tests/test_gate_c_models.py::TestEvidenceItem::test_max_confidence_allowed PASSED [  0%]
tests/test_gate_c_models.py::TestEvidenceBundle::test_has_provenance_all_present PASSED [  0%]
tests/test_gate_c_models.py::TestEvidenceBundle::test_has_provenance_one_missing PASSED [  0%]
tests/test_gate_c_models.py::TestEvidenceBundle::test_has_provenance_empty_items_fails_closed PASSED [  0%]
tests/test_gate_c_models.py::TestEvidenceBundle::test_phi_default_false PASSED [  1%]
tests/test_gate_c_models.py::TestEvidenceBundle::test_phi_can_be_set_true PASSED [  1%]
tests/test_gate_c_models.py::TestNoveltyCandidate::test_default_status_is_discovery_only PASSED [  1%]
tests/test_gate_c_models.py::TestNoveltyCandidate::test_default_review_status_pending_human_review PASSED [  1%]
tests/test_gate_c_models.py::TestNoveltyCandidate::test_default_metadata_empty PASSED [  1%]
tests/test_gate_c_models.py::TestNoveltyCandidate::test_status_field_is_frozen PASSED [  1%]
tests/test_gate_c_models.py::TestNoveltyCandidate::test_metadata_accepts_arbitrary_dict PASSED [  2%]
tests/test_gate_c_models.py::TestKnownKnowledgeCheck::test_known_true PASSED [  2%]
tests/test_gate_c_models.py::TestKnownKnowledgeCheck::test_known_false_no_reference PASSED [  2%]
tests/test_gate_c_models.py::TestContradictionRecord::test_fields PASSED [  2%]
tests/test_gate_c_models.py::TestNoveltyScoreComponents::test_fields PASSED [  2%]
tests/test_gate_c_models.py::TestReviewDecision::test_fields PASSED [  2%]
tests/test_gate_c_models.py::TestNoveltyExplanation::test_fields PASSED [  2%]
tests/test_gate_c_models.py::TestNoveltyDecision::test_decision_links_explanation_to_candidate PASSED [  3%]
tests/test_gate_c_models.py::TestNoveltyTypeEnum::test_all_required_members_exist PASSED [  3%]
tests/test_gate_c_models.py::test_fixture_has_expected_novelty_type[G1-01] PASSED [  3%]
tests/test_gate_c_models.py::test_fixture_has_expected_novelty_type[G1-02] PASSED [  3%]
tests/test_gate_c_models.py::test_fixture_has_expected_novelty_type[G1-03] PASSED [  3%]
tests/test_gate_c_models.py::test_fixture_has_expected_novelty_type[G1-04] PASSED [  3%]
tests/test_gate_c_models.py::test_fixture_has_expected_novelty_type[G1-05] PASSED [  3%]
tests/test_gate_c_models.py::test_fixture_has_expected_novelty_type[G1-06] PASSED [  4%]
tests/test_gate_c_models.py::test_fixture_has_expected_novelty_type[G1-07] PASSED [  4%]
tests/test_gate_c_models.py::test_fixture_has_expected_novelty_type[G1-08] PASSED [  4%]
tests/test_gate_c_models.py::test_fixture_has_expected_novelty_type[G1-09] PASSED [  4%]
tests/test_gate_c_models.py::test_fixture_has_expected_novelty_type[G1-10] PASSED [  4%]
tests/test_gate_c_models.py::test_fixture_has_expected_novelty_type[G2-01] PASSED [  4%]
tests/test_gate_c_models.py::test_fixture_has_expected_novelty_type[G2-02] PASSED [  5%]
tests/test_gate_c_models.py::test_fixture_has_expected_novelty_type[G2-03] PASSED [  5%]
tests/test_gate_c_models.py::test_fixture_has_expected_novelty_type[G2-04] PASSED [  5%]
tests/test_gate_c_models.py::test_fixture_has_expected_novelty_type[G2-05] PASSED [  5%]
tests/test_gate_c_models.py::test_fixture_has_expected_novelty_type[G2-06] PASSED [  5%]
tests/test_gate_c_models.py::test_fixture_has_expected_novelty_type[G2-07] PASSED [  5%]
tests/test_gate_c_models.py::test_fixture_has_expected_novelty_type[G2-08] PASSED [  6%]
tests/test_gate_c_models.py::test_fixture_has_expected_novelty_type[G2-09] PASSED [  6%]
tests/test_gate_c_models.py::test_fixture_has_expected_novelty_type[G2-10] PASSED [  6%]
tests/test_gate_c_models.py::test_fixture_has_expected_novelty_type[G3-01] PASSED [  6%]
tests/test_gate_c_models.py::test_fixture_has_expected_novelty_type[G3-02] PASSED [  6%]
tests/test_gate_c_models.py::test_fixture_has_expected_novelty_type[G3-03] PASSED [  6%]
tests/test_gate_c_models.py::test_fixture_has_expected_novelty_type[G3-04] PASSED [  7%]
tests/test_gate_c_models.py::test_fixture_has_expected_novelty_type[G3-05] PASSED [  7%]
tests/test_gate_c_models.py::test_fixture_has_expected_novelty_type[G3-06] PASSED [  7%]
tests/test_gate_c_models.py::test_fixture_has_expected_novelty_type[G3-07] PASSED [  7%]
tests/test_gate_c_models.py::test_fixture_has_expected_novelty_type[G3-08] PASSED [  7%]
tests/test_gate_c_models.py::test_fixture_has_expected_novelty_type[G3-09] PASSED [  7%]
tests/test_gate_c_models.py::test_fixture_has_expected_novelty_type[G3-10] PASSED [  8%]
tests/test_gate_c_models.py::test_fixture_has_expected_novelty_type[G4-01] PASSED [  8%]
tests/test_gate_c_models.py::test_fixture_has_expected_novelty_type[G4-02] PASSED [  8%]
tests/test_gate_c_models.py::test_fixture_has_expected_novelty_type[G4-03] PASSED [  8%]
tests/test_gate_c_models.py::test_fixture_has_expected_novelty_type[G4-04] PASSED [  8%]
tests/test_gate_c_models.py::test_fixture_has_expected_novelty_type[G4-05] PASSED [  8%]
tests/test_gate_c_models.py::test_fixture_has_expected_novelty_type[G4-06] PASSED [  8%]
tests/test_gate_c_models.py::test_fixture_has_expected_novelty_type[G4-07] PASSED [  9%]
tests/test_gate_c_models.py::test_fixture_has_expected_novelty_type[G4-08] PASSED [  9%]
tests/test_gate_c_models.py::test_fixture_has_expected_novelty_type[G4-09] PASSED [  9%]
tests/test_gate_c_models.py::test_fixture_has_expected_novelty_type[G4-10] PASSED [  9%]
tests/test_gate_c_models.py::test_fixture_has_expected_novelty_type[G5-01] PASSED [  9%]
tests/test_gate_c_models.py::test_fixture_has_expected_novelty_type[G5-02] PASSED [  9%]
tests/test_gate_c_models.py::test_fixture_has_expected_novelty_type[G5-03] PASSED [ 10%]
tests/test_gate_c_models.py::test_fixture_has_expected_novelty_type[G5-04] PASSED [ 10%]
tests/test_gate_c_models.py::test_fixture_has_expected_novelty_type[G5-05] PASSED [ 10%]
tests/test_gate_c_models.py::test_fixture_has_expected_novelty_type[G5-06] PASSED [ 10%]
tests/test_gate_c_models.py::test_fixture_has_expected_novelty_type[G5-07] PASSED [ 10%]
tests/test_gate_c_models.py::test_fixture_has_expected_novelty_type[G5-08] PASSED [ 10%]
tests/test_gate_c_models.py::test_fixture_has_expected_novelty_type[G5-09] PASSED [ 11%]
tests/test_gate_c_models.py::test_fixture_has_expected_novelty_type[G5-10] PASSED [ 11%]
tests/test_gate_c_models.py::test_fixture_has_expected_novelty_type[G6-01] PASSED [ 11%]
tests/test_gate_c_models.py::test_fixture_has_expected_novelty_type[G6-02] PASSED [ 11%]
tests/test_gate_c_models.py::test_fixture_has_expected_novelty_type[G6-03] PASSED [ 11%]
tests/test_gate_c_models.py::test_fixture_has_expected_novelty_type[G6-04] PASSED [ 11%]
tests/test_gate_c_models.py::test_fixture_has_expected_novelty_type[G6-05] PASSED [ 11%]
tests/test_gate_c_models.py::test_fixture_has_expected_novelty_type[G6-06] PASSED [ 12%]
tests/test_gate_c_models.py::test_fixture_has_expected_novelty_type[G6-07] PASSED [ 12%]
tests/test_gate_c_models.py::test_fixture_has_expected_novelty_type[G6-08] PASSED [ 12%]
tests/test_gate_c_models.py::test_fixture_has_expected_novelty_type[G6-09] PASSED [ 12%]
tests/test_gate_c_models.py::test_fixture_has_expected_novelty_type[G6-10] PASSED [ 12%]
tests/test_gate_c_models.py::test_fixture_has_expected_decision[G1-01] PASSED [ 12%]
tests/test_gate_c_models.py::test_fixture_has_expected_decision[G1-02] PASSED [ 13%]
tests/test_gate_c_models.py::test_fixture_has_expected_decision[G1-03] PASSED [ 13%]
tests/test_gate_c_models.py::test_fixture_has_expected_decision[G1-04] PASSED [ 13%]
tests/test_gate_c_models.py::test_fixture_has_expected_decision[G1-05] PASSED [ 13%]
tests/test_gate_c_models.py::test_fixture_has_expected_decision[G1-06] PASSED [ 13%]
tests/test_gate_c_models.py::test_fixture_has_expected_decision[G1-07] PASSED [ 13%]
tests/test_gate_c_models.py::test_fixture_has_expected_decision[G1-08] PASSED [ 14%]
tests/test_gate_c_models.py::test_fixture_has_expected_decision[G1-09] PASSED [ 14%]
tests/test_gate_c_models.py::test_fixture_has_expected_decision[G1-10] PASSED [ 14%]
tests/test_gate_c_models.py::test_fixture_has_expected_decision[G2-01] PASSED [ 14%]
tests/test_gate_c_models.py::test_fixture_has_expected_decision[G2-02] PASSED [ 14%]
tests/test_gate_c_models.py::test_fixture_has_expected_decision[G2-03] PASSED [ 14%]
tests/test_gate_c_models.py::test_fixture_has_expected_decision[G2-04] PASSED [ 14%]
tests/test_gate_c_models.py::test_fixture_has_expected_decision[G2-05] PASSED [ 15%]
tests/test_gate_c_models.py::test_fixture_has_expected_decision[G2-06] PASSED [ 15%]
tests/test_gate_c_models.py::test_fixture_has_expected_decision[G2-07] PASSED [ 15%]
tests/test_gate_c_models.py::test_fixture_has_expected_decision[G2-08] PASSED [ 15%]
tests/test_gate_c_models.py::test_fixture_has_expected_decision[G2-09] PASSED [ 15%]
tests/test_gate_c_models.py::test_fixture_has_expected_decision[G2-10] PASSED [ 15%]
tests/test_gate_c_models.py::test_fixture_has_expected_decision[G3-01] PASSED [ 16%]
tests/test_gate_c_models.py::test_fixture_has_expected_decision[G3-02] PASSED [ 16%]
tests/test_gate_c_models.py::test_fixture_has_expected_decision[G3-03] PASSED [ 16%]
tests/test_gate_c_models.py::test_fixture_has_expected_decision[G3-04] PASSED [ 16%]
tests/test_gate_c_models.py::test_fixture_has_expected_decision[G3-05] PASSED [ 16%]
tests/test_gate_c_models.py::test_fixture_has_expected_decision[G3-06] PASSED [ 16%]
tests/test_gate_c_models.py::test_fixture_has_expected_decision[G3-07] PASSED [ 17%]
tests/test_gate_c_models.py::test_fixture_has_expected_decision[G3-08] PASSED [ 17%]
tests/test_gate_c_models.py::test_fixture_has_expected_decision[G3-09] PASSED [ 17%]
tests/test_gate_c_models.py::test_fixture_has_expected_decision[G3-10] PASSED [ 17%]
tests/test_gate_c_models.py::test_fixture_has_expected_decision[G4-01] PASSED [ 17%]
tests/test_gate_c_models.py::test_fixture_has_expected_decision[G4-02] PASSED [ 17%]
tests/test_gate_c_models.py::test_fixture_has_expected_decision[G4-03] PASSED [ 18%]
tests/test_gate_c_models.py::test_fixture_has_expected_decision[G4-04] PASSED [ 18%]
tests/test_gate_c_models.py::test_fixture_has_expected_decision[G4-05] PASSED [ 18%]
tests/test_gate_c_models.py::test_fixture_has_expected_decision[G4-06] PASSED [ 18%]
tests/test_gate_c_models.py::test_fixture_has_expected_decision[G4-07] PASSED [ 18%]
tests/test_gate_c_models.py::test_fixture_has_expected_decision[G4-08] PASSED [ 18%]
tests/test_gate_c_models.py::test_fixture_has_expected_decision[G4-09] PASSED [ 18%]
tests/test_gate_c_models.py::test_fixture_has_expected_decision[G4-10] PASSED [ 19%]
tests/test_gate_c_models.py::test_fixture_has_expected_decision[G5-01] PASSED [ 19%]
tests/test_gate_c_models.py::test_fixture_has_expected_decision[G5-02] PASSED [ 19%]
tests/test_gate_c_models.py::test_fixture_has_expected_decision[G5-03] PASSED [ 19%]
tests/test_gate_c_models.py::test_fixture_has_expected_decision[G5-04] PASSED [ 19%]
tests/test_gate_c_models.py::test_fixture_has_expected_decision[G5-05] PASSED [ 19%]
tests/test_gate_c_models.py::test_fixture_has_expected_decision[G5-06] PASSED [ 20%]
tests/test_gate_c_models.py::test_fixture_has_expected_decision[G5-07] PASSED [ 20%]
tests/test_gate_c_models.py::test_fixture_has_expected_decision[G5-08] PASSED [ 20%]
tests/test_gate_c_models.py::test_fixture_has_expected_decision[G5-09] PASSED [ 20%]
tests/test_gate_c_models.py::test_fixture_has_expected_decision[G5-10] PASSED [ 20%]
tests/test_gate_c_models.py::test_fixture_has_expected_decision[G6-01] PASSED [ 20%]
tests/test_gate_c_models.py::test_fixture_has_expected_decision[G6-02] PASSED [ 21%]
tests/test_gate_c_models.py::test_fixture_has_expected_decision[G6-03] PASSED [ 21%]
tests/test_gate_c_models.py::test_fixture_has_expected_decision[G6-04] PASSED [ 21%]
tests/test_gate_c_models.py::test_fixture_has_expected_decision[G6-05] PASSED [ 21%]
tests/test_gate_c_models.py::test_fixture_has_expected_decision[G6-06] PASSED [ 21%]
tests/test_gate_c_models.py::test_fixture_has_expected_decision[G6-07] PASSED [ 21%]
tests/test_gate_c_models.py::test_fixture_has_expected_decision[G6-08] PASSED [ 22%]
tests/test_gate_c_models.py::test_fixture_has_expected_decision[G6-09] PASSED [ 22%]
tests/test_gate_c_models.py::test_fixture_has_expected_decision[G6-10] PASSED [ 22%]
tests/test_gate_c_models.py::test_fixture_has_expected_blocking_reasons[G1-01] PASSED [ 22%]
tests/test_gate_c_models.py::test_fixture_has_expected_blocking_reasons[G1-02] PASSED [ 22%]
tests/test_gate_c_models.py::test_fixture_has_expected_blocking_reasons[G1-03] PASSED [ 22%]
tests/test_gate_c_models.py::test_fixture_has_expected_blocking_reasons[G1-04] PASSED [ 22%]
tests/test_gate_c_models.py::test_fixture_has_expected_blocking_reasons[G1-05] PASSED [ 23%]
tests/test_gate_c_models.py::test_fixture_has_expected_blocking_reasons[G1-06] PASSED [ 23%]
tests/test_gate_c_models.py::test_fixture_has_expected_blocking_reasons[G1-07] PASSED [ 23%]
tests/test_gate_c_models.py::test_fixture_has_expected_blocking_reasons[G1-08] PASSED [ 23%]
tests/test_gate_c_models.py::test_fixture_has_expected_blocking_reasons[G1-09] PASSED [ 23%]
tests/test_gate_c_models.py::test_fixture_has_expected_blocking_reasons[G1-10] PASSED [ 23%]
tests/test_gate_c_models.py::test_fixture_has_expected_blocking_reasons[G2-01] PASSED [ 24%]
tests/test_gate_c_models.py::test_fixture_has_expected_blocking_reasons[G2-02] PASSED [ 24%]
tests/test_gate_c_models.py::test_fixture_has_expected_blocking_reasons[G2-03] PASSED [ 24%]
tests/test_gate_c_models.py::test_fixture_has_expected_blocking_reasons[G2-04] PASSED [ 24%]
tests/test_gate_c_models.py::test_fixture_has_expected_blocking_reasons[G2-05] PASSED [ 24%]
tests/test_gate_c_models.py::test_fixture_has_expected_blocking_reasons[G2-06] PASSED [ 24%]
tests/test_gate_c_models.py::test_fixture_has_expected_blocking_reasons[G2-07] PASSED [ 25%]
tests/test_gate_c_models.py::test_fixture_has_expected_blocking_reasons[G2-08] PASSED [ 25%]
tests/test_gate_c_models.py::test_fixture_has_expected_blocking_reasons[G2-09] PASSED [ 25%]
tests/test_gate_c_models.py::test_fixture_has_expected_blocking_reasons[G2-10] PASSED [ 25%]
tests/test_gate_c_models.py::test_fixture_has_expected_blocking_reasons[G3-01] PASSED [ 25%]
tests/test_gate_c_models.py::test_fixture_has_expected_blocking_reasons[G3-02] PASSED [ 25%]
tests/test_gate_c_models.py::test_fixture_has_expected_blocking_reasons[G3-03] PASSED [ 25%]
tests/test_gate_c_models.py::test_fixture_has_expected_blocking_reasons[G3-04] PASSED [ 26%]
tests/test_gate_c_models.py::test_fixture_has_expected_blocking_reasons[G3-05] PASSED [ 26%]
tests/test_gate_c_models.py::test_fixture_has_expected_blocking_reasons[G3-06] PASSED [ 26%]
tests/test_gate_c_models.py::test_fixture_has_expected_blocking_reasons[G3-07] PASSED [ 26%]
tests/test_gate_c_models.py::test_fixture_has_expected_blocking_reasons[G3-08] PASSED [ 26%]
tests/test_gate_c_models.py::test_fixture_has_expected_blocking_reasons[G3-09] PASSED [ 26%]
tests/test_gate_c_models.py::test_fixture_has_expected_blocking_reasons[G3-10] PASSED [ 27%]
tests/test_gate_c_models.py::test_fixture_has_expected_blocking_reasons[G4-01] PASSED [ 27%]
tests/test_gate_c_models.py::test_fixture_has_expected_blocking_reasons[G4-02] PASSED [ 27%]
tests/test_gate_c_models.py::test_fixture_has_expected_blocking_reasons[G4-03] PASSED [ 27%]
tests/test_gate_c_models.py::test_fixture_has_expected_blocking_reasons[G4-04] PASSED [ 27%]
tests/test_gate_c_models.py::test_fixture_has_expected_blocking_reasons[G4-05] PASSED [ 27%]
tests/test_gate_c_models.py::test_fixture_has_expected_blocking_reasons[G4-06] PASSED [ 28%]
tests/test_gate_c_models.py::test_fixture_has_expected_blocking_reasons[G4-07] PASSED [ 28%]
tests/test_gate_c_models.py::test_fixture_has_expected_blocking_reasons[G4-08] PASSED [ 28%]
tests/test_gate_c_models.py::test_fixture_has_expected_blocking_reasons[G4-09] PASSED [ 28%]
tests/test_gate_c_models.py::test_fixture_has_expected_blocking_reasons[G4-10] PASSED [ 28%]
tests/test_gate_c_models.py::test_fixture_has_expected_blocking_reasons[G5-01] PASSED [ 28%]
tests/test_gate_c_models.py::test_fixture_has_expected_blocking_reasons[G5-02] PASSED [ 29%]
tests/test_gate_c_models.py::test_fixture_has_expected_blocking_reasons[G5-03] PASSED [ 29%]
tests/test_gate_c_models.py::test_fixture_has_expected_blocking_reasons[G5-04] PASSED [ 29%]
tests/test_gate_c_models.py::test_fixture_has_expected_blocking_reasons[G5-05] PASSED [ 29%]
tests/test_gate_c_models.py::test_fixture_has_expected_blocking_reasons[G5-06] PASSED [ 29%]
tests/test_gate_c_models.py::test_fixture_has_expected_blocking_reasons[G5-07] PASSED [ 29%]
tests/test_gate_c_models.py::test_fixture_has_expected_blocking_reasons[G5-08] PASSED [ 29%]
tests/test_gate_c_models.py::test_fixture_has_expected_blocking_reasons[G5-09] PASSED [ 30%]
tests/test_gate_c_models.py::test_fixture_has_expected_blocking_reasons[G5-10] PASSED [ 30%]
tests/test_gate_c_models.py::test_fixture_has_expected_blocking_reasons[G6-01] PASSED [ 30%]
tests/test_gate_c_models.py::test_fixture_has_expected_blocking_reasons[G6-02] PASSED [ 30%]
tests/test_gate_c_models.py::test_fixture_has_expected_blocking_reasons[G6-03] PASSED [ 30%]
tests/test_gate_c_models.py::test_fixture_has_expected_blocking_reasons[G6-04] PASSED [ 30%]
tests/test_gate_c_models.py::test_fixture_has_expected_blocking_reasons[G6-05] PASSED [ 31%]
tests/test_gate_c_models.py::test_fixture_has_expected_blocking_reasons[G6-06] PASSED [ 31%]
tests/test_gate_c_models.py::test_fixture_has_expected_blocking_reasons[G6-07] PASSED [ 31%]
tests/test_gate_c_models.py::test_fixture_has_expected_blocking_reasons[G6-08] PASSED [ 31%]
tests/test_gate_c_models.py::test_fixture_has_expected_blocking_reasons[G6-09] PASSED [ 31%]
tests/test_gate_c_models.py::test_fixture_has_expected_blocking_reasons[G6-10] PASSED [ 31%]
tests/test_gate_c_models.py::test_fixture_has_expected_review_route[G1-01] PASSED [ 32%]
tests/test_gate_c_models.py::test_fixture_has_expected_review_route[G1-02] PASSED [ 32%]
tests/test_gate_c_models.py::test_fixture_has_expected_review_route[G1-03] PASSED [ 32%]
tests/test_gate_c_models.py::test_fixture_has_expected_review_route[G1-04] PASSED [ 32%]
tests/test_gate_c_models.py::test_fixture_has_expected_review_route[G1-05] PASSED [ 32%]
tests/test_gate_c_models.py::test_fixture_has_expected_review_route[G1-06] PASSED [ 32%]
tests/test_gate_c_models.py::test_fixture_has_expected_review_route[G1-07] PASSED [ 33%]
tests/test_gate_c_models.py::test_fixture_has_expected_review_route[G1-08] PASSED [ 33%]
tests/test_gate_c_models.py::test_fixture_has_expected_review_route[G1-09] PASSED [ 33%]
tests/test_gate_c_models.py::test_fixture_has_expected_review_route[G1-10] PASSED [ 33%]
tests/test_gate_c_models.py::test_fixture_has_expected_review_route[G2-01] PASSED [ 33%]
tests/test_gate_c_models.py::test_fixture_has_expected_review_route[G2-02] PASSED [ 33%]
tests/test_gate_c_models.py::test_fixture_has_expected_review_route[G2-03] PASSED [ 33%]
tests/test_gate_c_models.py::test_fixture_has_expected_review_route[G2-04] PASSED [ 34%]
tests/test_gate_c_models.py::test_fixture_has_expected_review_route[G2-05] PASSED [ 34%]
tests/test_gate_c_models.py::test_fixture_has_expected_review_route[G2-06] PASSED [ 34%]
tests/test_gate_c_models.py::test_fixture_has_expected_review_route[G2-07] PASSED [ 34%]
tests/test_gate_c_models.py::test_fixture_has_expected_review_route[G2-08] PASSED [ 34%]
tests/test_gate_c_models.py::test_fixture_has_expected_review_route[G2-09] PASSED [ 34%]
tests/test_gate_c_models.py::test_fixture_has_expected_review_route[G2-10] PASSED [ 35%]
tests/test_gate_c_models.py::test_fixture_has_expected_review_route[G3-01] PASSED [ 35%]
tests/test_gate_c_models.py::test_fixture_has_expected_review_route[G3-02] PASSED [ 35%]
tests/test_gate_c_models.py::test_fixture_has_expected_review_route[G3-03] PASSED [ 35%]
tests/test_gate_c_models.py::test_fixture_has_expected_review_route[G3-04] PASSED [ 35%]
tests/test_gate_c_models.py::test_fixture_has_expected_review_route[G3-05] PASSED [ 35%]
tests/test_gate_c_models.py::test_fixture_has_expected_review_route[G3-06] PASSED [ 36%]
tests/test_gate_c_models.py::test_fixture_has_expected_review_route[G3-07] PASSED [ 36%]
tests/test_gate_c_models.py::test_fixture_has_expected_review_route[G3-08] PASSED [ 36%]
tests/test_gate_c_models.py::test_fixture_has_expected_review_route[G3-09] PASSED [ 36%]
tests/test_gate_c_models.py::test_fixture_has_expected_review_route[G3-10] PASSED [ 36%]
tests/test_gate_c_models.py::test_fixture_has_expected_review_route[G4-01] PASSED [ 36%]
tests/test_gate_c_models.py::test_fixture_has_expected_review_route[G4-02] PASSED [ 37%]
tests/test_gate_c_models.py::test_fixture_has_expected_review_route[G4-03] PASSED [ 37%]
tests/test_gate_c_models.py::test_fixture_has_expected_review_route[G4-04] PASSED [ 37%]
tests/test_gate_c_models.py::test_fixture_has_expected_review_route[G4-05] PASSED [ 37%]
tests/test_gate_c_models.py::test_fixture_has_expected_review_route[G4-06] PASSED [ 37%]
tests/test_gate_c_models.py::test_fixture_has_expected_review_route[G4-07] PASSED [ 37%]
tests/test_gate_c_models.py::test_fixture_has_expected_review_route[G4-08] PASSED [ 37%]
tests/test_gate_c_models.py::test_fixture_has_expected_review_route[G4-09] PASSED [ 38%]
tests/test_gate_c_models.py::test_fixture_has_expected_review_route[G4-10] PASSED [ 38%]
tests/test_gate_c_models.py::test_fixture_has_expected_review_route[G5-01] PASSED [ 38%]
tests/test_gate_c_models.py::test_fixture_has_expected_review_route[G5-02] PASSED [ 38%]
tests/test_gate_c_models.py::test_fixture_has_expected_review_route[G5-03] PASSED [ 38%]
tests/test_gate_c_models.py::test_fixture_has_expected_review_route[G5-04] PASSED [ 38%]
tests/test_gate_c_models.py::test_fixture_has_expected_review_route[G5-05] PASSED [ 39%]
tests/test_gate_c_models.py::test_fixture_has_expected_review_route[G5-06] PASSED [ 39%]
tests/test_gate_c_models.py::test_fixture_has_expected_review_route[G5-07] PASSED [ 39%]
tests/test_gate_c_models.py::test_fixture_has_expected_review_route[G5-08] PASSED [ 39%]
tests/test_gate_c_models.py::test_fixture_has_expected_review_route[G5-09] PASSED [ 39%]
tests/test_gate_c_models.py::test_fixture_has_expected_review_route[G5-10] PASSED [ 39%]
tests/test_gate_c_models.py::test_fixture_has_expected_review_route[G6-01] PASSED [ 40%]
tests/test_gate_c_models.py::test_fixture_has_expected_review_route[G6-02] PASSED [ 40%]
tests/test_gate_c_models.py::test_fixture_has_expected_review_route[G6-03] PASSED [ 40%]
tests/test_gate_c_models.py::test_fixture_has_expected_review_route[G6-04] PASSED [ 40%]
tests/test_gate_c_models.py::test_fixture_has_expected_review_route[G6-05] PASSED [ 40%]
tests/test_gate_c_models.py::test_fixture_has_expected_review_route[G6-06] PASSED [ 40%]
tests/test_gate_c_models.py::test_fixture_has_expected_review_route[G6-07] PASSED [ 40%]
tests/test_gate_c_models.py::test_fixture_has_expected_review_route[G6-08] PASSED [ 41%]
tests/test_gate_c_models.py::test_fixture_has_expected_review_route[G6-09] PASSED [ 41%]
tests/test_gate_c_models.py::test_fixture_has_expected_review_route[G6-10] PASSED [ 41%]
tests/test_gate_c_models.py::test_fixture_count_is_60 PASSED [ 41%]
tests/test_gate_c_novelty_engine.py::TestNoveltyEngineUnit::test_phi_in_bundle_returns_out_of_scope PASSED [ 41%]
tests/test_gate_c_novelty_engine.py::TestNoveltyEngineUnit::test_missing_provenance_returns_unsupported PASSED [ 41%]
tests/test_gate_c_novelty_engine.py::TestNoveltyEngineUnit::test_out_of_scope_returns_out_of_scope PASSED [ 42%]
tests/test_gate_c_novelty_engine.py::TestNoveltyEngineUnit::test_known_exact_match_returns_known_knowledge PASSED [ 42%]
tests/test_gate_c_novelty_engine.py::TestNoveltyEngineUnit::test_duplicate_candidate_returns_possible_duplicate PASSED [ 42%]
tests/test_gate_c_novelty_engine.py::TestNoveltyEngineUnit::test_contradictory_candidate_returns_possible_contradiction PASSED [ 42%]
tests/test_gate_c_novelty_engine.py::TestNoveltyEngineUnit::test_evidence_below_threshold_returns_insufficient_evidence PASSED [ 42%]
tests/test_gate_c_novelty_engine.py::TestNoveltyEngineUnit::test_valid_new_relation_returns_new_relation_candidate PASSED [ 42%]
tests/test_gate_c_novelty_engine.py::test_novelty_engine_fixture[G1-01] PASSED [ 43%]
tests/test_gate_c_novelty_engine.py::test_novelty_engine_fixture[G1-02] PASSED [ 43%]
tests/test_gate_c_novelty_engine.py::test_novelty_engine_fixture[G1-03] PASSED [ 43%]
tests/test_gate_c_novelty_engine.py::test_novelty_engine_fixture[G1-04] PASSED [ 43%]
tests/test_gate_c_novelty_engine.py::test_novelty_engine_fixture[G1-05] PASSED [ 43%]
tests/test_gate_c_novelty_engine.py::test_novelty_engine_fixture[G1-06] PASSED [ 43%]
tests/test_gate_c_novelty_engine.py::test_novelty_engine_fixture[G1-07] PASSED [ 44%]
tests/test_gate_c_novelty_engine.py::test_novelty_engine_fixture[G1-08] PASSED [ 44%]
tests/test_gate_c_novelty_engine.py::test_novelty_engine_fixture[G1-09] PASSED [ 44%]
tests/test_gate_c_novelty_engine.py::test_novelty_engine_fixture[G1-10] PASSED [ 44%]
tests/test_gate_c_novelty_engine.py::test_novelty_engine_fixture[G2-01] PASSED [ 44%]
tests/test_gate_c_novelty_engine.py::test_novelty_engine_fixture[G2-02] PASSED [ 44%]
tests/test_gate_c_novelty_engine.py::test_novelty_engine_fixture[G2-03] PASSED [ 45%]
tests/test_gate_c_novelty_engine.py::test_novelty_engine_fixture[G2-04] PASSED [ 45%]
tests/test_gate_c_novelty_engine.py::test_novelty_engine_fixture[G2-05] PASSED [ 45%]
tests/test_gate_c_novelty_engine.py::test_novelty_engine_fixture[G2-06] PASSED [ 45%]
tests/test_gate_c_novelty_engine.py::test_novelty_engine_fixture[G2-07] PASSED [ 45%]
tests/test_gate_c_novelty_engine.py::test_novelty_engine_fixture[G2-08] PASSED [ 45%]
tests/test_gate_c_novelty_engine.py::test_novelty_engine_fixture[G2-09] PASSED [ 45%]
tests/test_gate_c_novelty_engine.py::test_novelty_engine_fixture[G2-10] PASSED [ 46%]
tests/test_gate_c_novelty_engine.py::test_novelty_engine_fixture[G3-01] PASSED [ 46%]
tests/test_gate_c_novelty_engine.py::test_novelty_engine_fixture[G3-02] PASSED [ 46%]
tests/test_gate_c_novelty_engine.py::test_novelty_engine_fixture[G3-03] PASSED [ 46%]
tests/test_gate_c_novelty_engine.py::test_novelty_engine_fixture[G3-04] PASSED [ 46%]
tests/test_gate_c_novelty_engine.py::test_novelty_engine_fixture[G3-05] PASSED [ 46%]
tests/test_gate_c_novelty_engine.py::test_novelty_engine_fixture[G3-06] PASSED [ 47%]
tests/test_gate_c_novelty_engine.py::test_novelty_engine_fixture[G3-07] PASSED [ 47%]
tests/test_gate_c_novelty_engine.py::test_novelty_engine_fixture[G3-08] PASSED [ 47%]
tests/test_gate_c_novelty_engine.py::test_novelty_engine_fixture[G3-09] PASSED [ 47%]
tests/test_gate_c_novelty_engine.py::test_novelty_engine_fixture[G3-10] PASSED [ 47%]
tests/test_gate_c_novelty_engine.py::test_novelty_engine_fixture[G4-01] PASSED [ 47%]
tests/test_gate_c_novelty_engine.py::test_novelty_engine_fixture[G4-02] PASSED [ 48%]
tests/test_gate_c_novelty_engine.py::test_novelty_engine_fixture[G4-03] PASSED [ 48%]
tests/test_gate_c_novelty_engine.py::test_novelty_engine_fixture[G4-04] PASSED [ 48%]
tests/test_gate_c_novelty_engine.py::test_novelty_engine_fixture[G4-05] PASSED [ 48%]
tests/test_gate_c_novelty_engine.py::test_novelty_engine_fixture[G4-06] PASSED [ 48%]
tests/test_gate_c_novelty_engine.py::test_novelty_engine_fixture[G4-07] PASSED [ 48%]
tests/test_gate_c_novelty_engine.py::test_novelty_engine_fixture[G4-08] PASSED [ 49%]
tests/test_gate_c_novelty_engine.py::test_novelty_engine_fixture[G4-09] PASSED [ 49%]
tests/test_gate_c_novelty_engine.py::test_novelty_engine_fixture[G4-10] PASSED [ 49%]
tests/test_gate_c_novelty_engine.py::test_novelty_engine_fixture[G5-01] PASSED [ 49%]
tests/test_gate_c_novelty_engine.py::test_novelty_engine_fixture[G5-02] PASSED [ 49%]
tests/test_gate_c_novelty_engine.py::test_novelty_engine_fixture[G5-03] PASSED [ 49%]
tests/test_gate_c_novelty_engine.py::test_novelty_engine_fixture[G5-04] PASSED [ 50%]
tests/test_gate_c_novelty_engine.py::test_novelty_engine_fixture[G5-05] PASSED [ 50%]
tests/test_gate_c_novelty_engine.py::test_novelty_engine_fixture[G5-06] PASSED [ 50%]
tests/test_gate_c_novelty_engine.py::test_novelty_engine_fixture[G5-07] PASSED [ 50%]
tests/test_gate_c_novelty_engine.py::test_novelty_engine_fixture[G5-08] PASSED [ 50%]
tests/test_gate_c_novelty_engine.py::test_novelty_engine_fixture[G5-09] PASSED [ 50%]
tests/test_gate_c_novelty_engine.py::test_novelty_engine_fixture[G5-10] PASSED [ 51%]
tests/test_gate_c_novelty_engine.py::test_novelty_engine_fixture[G6-01] PASSED [ 51%]
tests/test_gate_c_novelty_engine.py::test_novelty_engine_fixture[G6-02] PASSED [ 51%]
tests/test_gate_c_novelty_engine.py::test_novelty_engine_fixture[G6-03] PASSED [ 51%]
tests/test_gate_c_novelty_engine.py::test_novelty_engine_fixture[G6-04] PASSED [ 51%]
tests/test_gate_c_novelty_engine.py::test_novelty_engine_fixture[G6-05] PASSED [ 51%]
tests/test_gate_c_novelty_engine.py::test_novelty_engine_fixture[G6-06] PASSED [ 51%]
tests/test_gate_c_novelty_engine.py::test_novelty_engine_fixture[G6-07] PASSED [ 52%]
tests/test_gate_c_novelty_engine.py::test_novelty_engine_fixture[G6-08] PASSED [ 52%]
tests/test_gate_c_novelty_engine.py::test_novelty_engine_fixture[G6-09] PASSED [ 52%]
tests/test_gate_c_novelty_engine.py::test_novelty_engine_fixture[G6-10] PASSED [ 52%]
tests/test_gate_c_known_knowledge.py::TestKnownKnowledgeProvider::test_check_candidate_exact_match PASSED [ 52%]
tests/test_gate_c_known_knowledge.py::TestKnownKnowledgeProvider::test_check_candidate_unknown PASSED [ 52%]
tests/test_gate_c_known_knowledge.py::TestKnownKnowledgeProvider::test_no_write_to_graph PASSED [ 53%]
tests/test_gate_c_review_queue.py::TestReviewQueueManager::test_enqueue_pending_review PASSED [ 53%]
tests/test_gate_c_review_queue.py::TestReviewQueueManager::test_approve_decision_updates_status PASSED [ 53%]
tests/test_gate_c_review_queue.py::TestReviewQueueManager::test_reject_decision_updates_status PASSED [ 53%]
tests/test_gate_c_explainability.py::TestExplainabilityFormatter::test_format_explanation PASSED [ 53%]
tests/test_gate_c_acceptance.py::TestGateCAcceptance::test_gate_c_acceptance_contract PASSED [ 53%]
tests/test_gate_c_no_write.py::TestGateCNoWrite::test_no_write_operations_performed PASSED [ 54%]
tests/test_gate_d_models.py::TestConsultationModels::test_consultation_context PASSED [ 54%]
tests/test_gate_d_models.py::TestConsultationModels::test_consultation_request PASSED [ 54%]
tests/test_gate_d_models.py::TestConsultationModels::test_consultation_response PASSED [ 54%]
tests/test_gate_d_consultation_engine.py::TestConsultationEngine::test_process_allowed_request PASSED [ 54%]
tests/test_gate_d_consultation_engine.py::TestConsultationEngine::test_process_blocked_pii_request PASSED [ 54%]
tests/test_gate_d_safety_policy.py::TestSafetyPolicy::test_pii_detection PASSED [ 55%]
tests/test_gate_d_safety_policy.py::TestSafetyPolicy::test_permanent_write_block PASSED [ 55%]
tests/test_gate_d_language_policy.py::TestLanguagePolicy::test_uncertainty_formatting PASSED [ 55%]
tests/test_gate_d_audit_trail.py::TestAuditTrail::test_audit_event_logging PASSED [ 55%]
tests/test_gate_d_evidence_filter.py::TestEvidenceFilter::test_filter_unreviewed_evidence PASSED [ 55%]
tests/test_gate_d_acceptance.py::TestGateDAcceptance::test_gate_d_acceptance_contract PASSED [ 55%]
tests/test_gate_d_no_write.py::TestGateDNoWrite::test_no_write_operations_performed PASSED [ 56%]
tests/test_gate_cd_boundary.py::TestApprovedEvidenceEligible::test_approved_reviewed_provider_is_eligible PASSED [ 56%]
tests/test_gate_cd_boundary.py::TestApprovedEvidenceEligible::test_eligibility_check_returns_eligible_decision PASSED [ 56%]
tests/test_gate_cd_boundary.py::TestApprovedEvidenceEligible::test_approved_official_evidence_multiple_sources PASSED [ 56%]
tests/test_gate_cd_boundary.py::TestApprovedEvidenceEligible::test_unapproved_provider_not_eligible PASSED [ 56%]
tests/test_gate_cd_boundary.py::TestApprovedEvidenceEligible::test_unapproved_returns_blocked_decision PASSED [ 56%]
tests/test_gate_cd_boundary.py::TestPendingNoveltyBlocked::test_pending_human_review_novelty_is_blocked PASSED [ 57%]
tests/test_gate_cd_boundary.py::TestPendingNoveltyBlocked::test_pending_returns_blocked_reason PASSED [ 57%]
tests/test_gate_cd_boundary.py::TestPendingNoveltyBlocked::test_checker_blocks_pending_novelty PASSED [ 57%]
tests/test_gate_cd_boundary.py::TestPendingNoveltyBlocked::test_pending_novelty_not_in_bundle PASSED [ 57%]
tests/test_gate_cd_boundary.py::TestDiscoveryOnlyBlocked::test_discovery_only_status_is_blocked PASSED [ 57%]
tests/test_gate_cd_boundary.py::TestDiscoveryOnlyBlocked::test_checker_blocks_discovery_only PASSED [ 57%]
tests/test_gate_cd_boundary.py::TestDiscoveryOnlyBlocked::test_discovery_only_decision_source_id_matches PASSED [ 58%]
tests/test_gate_cd_boundary.py::TestRejectedNoveltyBlocked::test_rejected_review_status_is_blocked PASSED [ 58%]
tests/test_gate_cd_boundary.py::TestRejectedNoveltyBlocked::test_checker_blocks_rejected_novelty PASSED [ 58%]
tests/test_gate_cd_boundary.py::TestRejectedNoveltyBlocked::test_rejected_not_in_bundle PASSED [ 58%]
tests/test_gate_cd_boundary.py::TestInsufficientEvidenceBlocked::test_insufficient_evidence_novelty_type_blocked PASSED [ 58%]
tests/test_gate_cd_boundary.py::TestInsufficientEvidenceBlocked::test_checker_blocks_insufficient_evidence PASSED [ 58%]
tests/test_gate_cd_boundary.py::TestContradictoryUnresolvedBlocked::test_possible_contradiction_novelty_type_blocked PASSED [ 59%]
tests/test_gate_cd_boundary.py::TestContradictoryUnresolvedBlocked::test_checker_blocks_contradiction PASSED [ 59%]
tests/test_gate_cd_boundary.py::TestContradictoryUnresolvedBlocked::test_contradiction_not_in_bundle PASSED [ 59%]
tests/test_gate_cd_boundary.py::TestApprovedOfficialInBundle::test_bundle_contains_approved_evidence PASSED [ 59%]
tests/test_gate_cd_boundary.py::TestApprovedOfficialInBundle::test_bundle_mixed_eligible_and_blocked PASSED [ 59%]
tests/test_gate_cd_boundary.py::TestNoAutomaticPromotion::test_novelty_never_enters_bundle_eligible_items PASSED [ 59%]
tests/test_gate_cd_boundary.py::TestNoAutomaticPromotion::test_no_gate_c_candidate_in_eligible_items PASSED [ 60%]
tests/test_gate_cd_boundary.py::TestNoMutation::test_reviewed_provider_is_frozen PASSED [ 60%]
tests/test_gate_cd_boundary.py::TestNoMutation::test_novelty_filter_is_frozen PASSED [ 60%]
tests/test_gate_cd_boundary.py::TestNoMutation::test_consultation_bundle_is_frozen PASSED [ 60%]
tests/test_gate_cd_boundary.py::TestNoMutation::test_eligibility_decision_is_frozen PASSED [ 60%]
tests/test_gate_cd_boundary.py::TestNoMutation::test_checker_does_not_mutate_input_provider PASSED [ 60%]
tests/test_gate_cd_boundary.py::TestNoMutation::test_checker_does_not_mutate_novelty_filter PASSED [ 61%]
tests/test_gate_cd_boundary.py::TestNoProductionImports::test_gate_cd_boundary_does_not_import_neo4j PASSED [ 61%]
tests/test_gate_cd_boundary.py::TestNoProductionImports::test_gate_cd_boundary_does_not_import_llm PASSED [ 61%]
tests/test_gate_cd_boundary.py::TestNoProductionImports::test_no_graph_writes_in_boundary_module PASSED [ 61%]
tests/test_gate_cd_boundary.py::TestNoProductionImports::test_no_llm_calls_in_boundary_module PASSED [ 61%]
tests/test_gate_cd_safety_boundary.py::TestSafetyBaseline::test_approved_official_knowledge_eligible PASSED [ 61%]
tests/test_gate_cd_safety_boundary.py::TestSafetyBaseline::test_reviewed_relationship_eligible PASSED [ 62%]
tests/test_gate_cd_safety_boundary.py::TestSafetyBaseline::test_approved_reviewed_exercise_eligible PASSED [ 62%]
tests/test_gate_cd_safety_boundary.py::TestSafetyEnforcement::test_discovery_only_blocked PASSED [ 62%]
tests/test_gate_cd_safety_boundary.py::TestSafetyEnforcement::test_pending_human_review_blocked PASSED [ 62%]
tests/test_gate_cd_safety_boundary.py::TestSafetyEnforcement::test_rejected_novelty_blocked PASSED [ 62%]
tests/test_gate_cd_safety_boundary.py::TestSafetyEnforcement::test_insufficient_evidence_blocked PASSED [ 62%]
tests/test_gate_cd_safety_boundary.py::TestSafetyEnforcement::test_unresolved_contradiction_blocked PASSED [ 63%]
tests/test_gate_cd_safety_boundary.py::TestSafetyEnforcement::test_out_of_scope_novelty_blocked PASSED [ 63%]
tests/test_gate_cd_safety_boundary.py::TestNoAutomaticPromotionSafety::test_novelty_filters_never_populate_eligible_items PASSED [ 63%]
tests/test_gate_cd_safety_boundary.py::TestNoAutomaticPromotionSafety::test_mix_does_not_promote_any_novelty PASSED [ 63%]
tests/test_gate_cd_safety_boundary.py::TestImmutabilityInvariant::test_reviewed_evidence_provider_immutable PASSED [ 63%]
tests/test_gate_cd_safety_boundary.py::TestImmutabilityInvariant::test_novelty_evidence_filter_immutable PASSED [ 63%]
tests/test_gate_cd_safety_boundary.py::TestImmutabilityInvariant::test_consultation_evidence_bundle_immutable PASSED [ 64%]
tests/test_gate_cd_safety_boundary.py::TestImmutabilityInvariant::test_eligibility_decision_immutable PASSED [ 64%]
tests/test_gate_cd_safety_boundary.py::TestImmutabilityInvariant::test_no_mutation_after_build_bundle PASSED [ 64%]
tests/test_gate_cd_safety_boundary.py::TestDependencyIsolation::test_no_neo4j_imported PASSED [ 64%]
tests/test_gate_cd_safety_boundary.py::TestDependencyIsolation::test_no_llm_client_imported PASSED [ 64%]
tests/test_gate_cd_safety_boundary.py::TestDependencyIsolation::test_no_graph_write_in_boundary PASSED [ 64%]
tests/test_gate_cd_safety_boundary.py::TestDependencyIsolation::test_no_production_modules_imported PASSED [ 65%]
tests/test_gate_cd_safety_boundary.py::TestAuditTrailCompleteness::test_every_decision_has_source_id PASSED [ 65%]
tests/test_gate_cd_safety_boundary.py::TestAuditTrailCompleteness::test_every_decision_has_status PASSED [ 65%]
tests/test_gate_cd_safety_boundary.py::TestAuditTrailCompleteness::test_blocked_decisions_have_blocked_reason PASSED [ 65%]
tests/test_gate_cd_safety_boundary.py::TestAuditTrailCompleteness::test_eligible_decisions_have_no_blocked_reason PASSED [ 65%]
tests/test_gate_cd_safety_boundary.py::TestAuditTrailCompleteness::test_bundle_session_id_preserved PASSED [ 65%]

============================= 635 passed in 1.45s =============================
