============================= test session starts =============================
platform win32 -- Python 3.12.10, pytest-9.1.1, pluggy-1.6.0 -- C:\Users\avihu\AppData\Local\Programs\Python\Python312\python.exe
cachedir: .pytest_cache
rootdir: C:\Avihusitton\clinical_ai
plugins: anyio-4.13.0
collecting ... collected 52 items

tests/test_extractor_bundle_section.py::test_forward_slash_marker_extraction PASSED [  1%]
tests/test_extractor_bundle_section.py::test_backslash_marker_extraction PASSED [  3%]
tests/test_extractor_bundle_section.py::test_missing_begin_marker PASSED [  5%]
tests/test_extractor_bundle_section.py::test_missing_end_marker PASSED   [  7%]
tests/test_extractor_bundle_section.py::test_duplicate_begin_markers PASSED [  9%]
tests/test_extractor_bundle_section.py::test_mismatched_end_path PASSED  [ 11%]
tests/test_extractor_bundle_section.py::test_nested_begin_marker_before_end PASSED [ 13%]
tests/test_extractor_bundle_section.py::test_empty_section PASSED        [ 15%]
tests/test_extractor_bundle_section.py::test_content_preservation_without_strip PASSED [ 17%]
tests/test_extractor_bundle_section.py::test_separator_after_begin_excluded PASSED [ 19%]
tests/test_extractor_bundle_section.py::test_separator_before_end_excluded PASSED [ 21%]
tests/test_extractor_bundle_section.py::test_separator_inside_source_content_preserved PASSED [ 23%]
tests/test_extractor_bundle_section.py::test_no_separator_bundle_remains_unchanged PASSED [ 25%]
tests/test_extractor_bundle_section.py::test_crlf_and_lf_behavior PASSED [ 26%]
tests/test_extractor_bundle_section.py::test_normalize_text_no_final_newline PASSED [ 28%]
tests/test_extractor_bundle_section.py::test_normalize_text_one_final_newline PASSED [ 30%]
tests/test_extractor_bundle_section.py::test_normalize_text_two_final_newlines PASSED [ 32%]
tests/test_extractor_bundle_section.py::test_normalize_text_multiple_internal_blank_lines PASSED [ 34%]
tests/test_extractor_bundle_section.py::test_normalize_text_crlf_input PASSED [ 36%]
tests/test_extractor_bundle_section.py::test_normalize_text_utf8_bom PASSED [ 38%]
tests/test_wave9_source_attestation.py::test_attestation_passes_on_clean_evidence PASSED [ 40%]
tests/test_wave9_source_attestation.py::test_atomic_write_hash_match PASSED [ 42%]
tests/test_wave9_source_attestation.py::test_attestation_fails_when_pytest_ini_present PASSED [ 44%]
tests/test_wave9_source_attestation.py::test_attestation_fails_when_root_conftest_present PASSED [ 46%]
tests/test_wave9_source_attestation.py::test_attestation_fails_when_evaluation_exit_code_nonzero PASSED [ 48%]
tests/test_wave9_source_attestation.py::test_attestation_fails_when_stress_exit_code_nonzero PASSED [ 50%]
tests/test_wave9_source_attestation.py::test_attestation_fails_when_validator_exit_code_nonzero PASSED [ 51%]
tests/test_wave9_source_attestation.py::test_attestation_fails_when_start_timestamp_missing PASSED [ 53%]
tests/test_wave9_source_attestation.py::test_attestation_fails_when_finish_timestamp_missing PASSED [ 55%]
tests/test_wave9_source_attestation.py::test_consistent_omission_mutation_eval_wave9_file PASSED [ 57%]
tests/test_wave9_source_attestation.py::test_consistent_omission_mutation_shadow_wiring_file PASSED [ 59%]
tests/test_wave9_source_attestation.py::test_consistent_omission_mutation_controlled_integration_file PASSED [ 61%]
tests/test_wave9_source_attestation.py::test_consistent_omission_mutation_retrieval_py PASSED [ 63%]
tests/test_wave9_source_attestation.py::test_consistent_omission_mutation_frozen_fixture PASSED [ 65%]
tests/test_wave9_source_attestation.py::test_attestation_fails_when_one_source_hash_changed_while_boolean_true PASSED [ 67%]
tests/test_wave9_source_attestation.py::test_attestation_fails_when_baseline_extraction_failed PASSED [ 69%]
tests/test_wave9_source_attestation.py::test_attestation_fails_when_working_file_used_as_baseline_true PASSED [ 71%]
tests/test_wave9_source_attestation.py::test_attestation_fails_code_2_when_attestation_file_missing PASSED [ 73%]
tests/test_wave9_source_attestation.py::test_attestation_fails_code_2_when_attestation_file_malformed PASSED [ 75%]
tests/test_wave9_evaluation_validator.py::test_validator_passes_on_clean_wave9_evidence PASSED [ 76%]
tests/test_wave9_evaluation_validator.py::test_validator_fails_when_one_fixture_removed PASSED [ 78%]
tests/test_wave9_evaluation_validator.py::test_validator_fails_when_one_fixture_id_duplicated PASSED [ 80%]
tests/test_wave9_evaluation_validator.py::test_validator_fails_when_one_legacy_result_differs PASSED [ 82%]
tests/test_wave9_evaluation_validator.py::test_validator_fails_when_one_shadow_output_user_visible PASSED [ 84%]
tests/test_wave9_evaluation_validator.py::test_validator_fails_when_raw_query_leak_inserted PASSED [ 86%]
tests/test_wave9_evaluation_validator.py::test_validator_fails_when_israeli_pii_case_queued PASSED [ 88%]
tests/test_wave9_evaluation_validator.py::test_validator_fails_when_determinism_outcome_mismatched PASSED [ 90%]
tests/test_wave9_evaluation_validator.py::test_validator_fails_when_request_thread_wait_inserted PASSED [ 92%]
tests/test_wave9_evaluation_validator.py::test_validator_fails_when_non_contract_difference_class_inserted PASSED [ 94%]
tests/test_wave9_evaluation_validator.py::test_validator_fails_when_operating_mode_inserted_into_difference_class PASSED [ 96%]
tests/test_wave9_evaluation_validator.py::test_validator_fails_when_incremental_overhead_field_missing PASSED [ 98%]
tests/test_wave9_evaluation_validator.py::test_validator_fails_code_2_when_required_file_missing PASSED [100%]

============================= 52 passed in 1.13s ==============================
