============================= test session starts =============================
platform win32 -- Python 3.12.10, pytest-9.1.1, pluggy-1.6.0 -- C:\Users\avihu\AppData\Local\Programs\Python\Python312\python.exe
cachedir: .pytest_cache
rootdir: C:\Avihusitton\clinical_ai
plugins: anyio-4.13.0
collecting ... collected 27 items

tests/test_wave9_source_attestation.py::test_attestation_passes_on_clean_evidence PASSED [  3%]
tests/test_wave9_source_attestation.py::test_attestation_fails_when_evaluation_exit_code_nonzero PASSED [  7%]
tests/test_wave9_source_attestation.py::test_attestation_fails_when_stress_exit_code_nonzero PASSED [ 11%]
tests/test_wave9_source_attestation.py::test_attestation_fails_when_validator_exit_code_nonzero PASSED [ 14%]
tests/test_wave9_source_attestation.py::test_attestation_fails_when_start_timestamp_missing PASSED [ 18%]
tests/test_wave9_source_attestation.py::test_attestation_fails_when_finish_timestamp_missing PASSED [ 22%]
tests/test_wave9_source_attestation.py::test_attestation_fails_when_eval_wave9_source_omitted PASSED [ 25%]
tests/test_wave9_source_attestation.py::test_attestation_fails_when_shadow_wiring_source_omitted PASSED [ 29%]
tests/test_wave9_source_attestation.py::test_attestation_fails_when_controlled_integration_source_omitted PASSED [ 33%]
tests/test_wave9_source_attestation.py::test_attestation_fails_when_one_source_hash_changed PASSED [ 37%]
tests/test_wave9_source_attestation.py::test_attestation_fails_when_source_added_during_execution PASSED [ 40%]
tests/test_wave9_source_attestation.py::test_attestation_fails_when_gate_boundary_differs_from_baseline PASSED [ 44%]
tests/test_wave9_source_attestation.py::test_attestation_fails_code_2_when_attestation_file_missing_and_legacy_identity_remains PASSED [ 48%]
tests/test_wave9_source_attestation.py::test_attestation_fails_code_2_when_attestation_file_malformed PASSED [ 51%]
tests/test_wave9_evaluation_validator.py::test_validator_passes_on_clean_wave9_evidence PASSED [ 55%]
tests/test_wave9_evaluation_validator.py::test_validator_fails_when_one_fixture_removed PASSED [ 59%]
tests/test_wave9_evaluation_validator.py::test_validator_fails_when_one_fixture_id_duplicated PASSED [ 62%]
tests/test_wave9_evaluation_validator.py::test_validator_fails_when_one_legacy_result_differs PASSED [ 66%]
tests/test_wave9_evaluation_validator.py::test_validator_fails_when_one_shadow_output_user_visible PASSED [ 70%]
tests/test_wave9_evaluation_validator.py::test_validator_fails_when_raw_query_leak_inserted PASSED [ 74%]
tests/test_wave9_evaluation_validator.py::test_validator_fails_when_israeli_pii_case_queued PASSED [ 77%]
tests/test_wave9_evaluation_validator.py::test_validator_fails_when_determinism_outcome_mismatched PASSED [ 81%]
tests/test_wave9_evaluation_validator.py::test_validator_fails_when_request_thread_wait_inserted PASSED [ 85%]
tests/test_wave9_evaluation_validator.py::test_validator_fails_when_non_contract_difference_class_inserted PASSED [ 88%]
tests/test_wave9_evaluation_validator.py::test_validator_fails_when_operating_mode_inserted_into_difference_class PASSED [ 92%]
tests/test_wave9_evaluation_validator.py::test_validator_fails_when_incremental_overhead_field_missing PASSED [ 96%]
tests/test_wave9_evaluation_validator.py::test_validator_fails_code_2_when_required_file_missing PASSED [100%]

============================= 27 passed in 0.41s ==============================
